This is pdfTeX, Version 3.141592653-2.6-1.40.25 (MiKTeX 24.1) (preloaded format=pdflatex 2025.3.18)  1 APR 2025 14:10
entering extended mode
 restricted \write18 enabled.
 file:line:error style messages enabled.
 %&-line parsing enabled.
**c:/latex_tfg/tfg.tex
(c:/latex_tfg/tfg.tex
LaTeX2e <2023-11-01> patch level 1
L3 programming layer <2024-01-04>
(C:\Miktex\tex/latex/base\book.cls
Document Class: book 2023/05/17 v1.4n Standard LaTeX document class
(C:\Miktex\tex/latex/base\bk12.clo
File: bk12.clo 2023/05/17 v1.4n Standard LaTeX file (size option)
)
\c@part=\count187
\c@chapter=\count188
\c@section=\count189
\c@subsection=\count190
\c@subsubsection=\count191
\c@paragraph=\count192
\c@subparagraph=\count193
\c@figure=\count194
\c@table=\count195
\abovecaptionskip=\skip48
\belowcaptionskip=\skip49
\bibindent=\dimen140
) (C:\Miktex\tex/latex/base\inputenc.sty
Package: inputenc 2021/02/14 v1.3d Input encoding file
\inpenc@prehook=\toks17
\inpenc@posthook=\toks18
) (C:\Miktex\tex/latex/amsmath\amsmath.sty
Package: amsmath 2023/05/13 v2.17o AMS math features
\@mathmargin=\skip50

For additional information on amsmath, use the `?' option.
(C:\Miktex\tex/latex/amsmath\amstext.sty
Package: amstext 2021/08/26 v2.01 AMS text
 (C:\Miktex\tex/latex/amsmath\amsgen.sty
File: amsgen.sty 1999/11/30 v2.0 generic functions
\@emptytoks=\toks19
\ex@=\dimen141
)) (C:\Miktex\tex/latex/amsmath\amsbsy.sty
Package: amsbsy 1999/11/29 v1.2d Bold Symbols
\pmbraise@=\dimen142
) (C:\Miktex\tex/latex/amsmath\amsopn.sty
Package: amsopn 2022/04/08 v2.04 operator names
)
\inf@bad=\count196
LaTeX Info: Redefining \frac on input line 234.
\uproot@=\count197
\leftroot@=\count198
LaTeX Info: Redefining \overline on input line 399.
LaTeX Info: Redefining \colon on input line 410.
\classnum@=\count199
\DOTSCASE@=\count266
LaTeX Info: Redefining \ldots on input line 496.
LaTeX Info: Redefining \dots on input line 499.
LaTeX Info: Redefining \cdots on input line 620.
\Mathstrutbox@=\box51
\strutbox@=\box52
LaTeX Info: Redefining \big on input line 722.
LaTeX Info: Redefining \Big on input line 723.
LaTeX Info: Redefining \bigg on input line 724.
LaTeX Info: Redefining \Bigg on input line 725.
\big@size=\dimen143
LaTeX Font Info:    Redeclaring font encoding OML on input line 743.
LaTeX Font Info:    Redeclaring font encoding OMS on input line 744.
\macc@depth=\count267
LaTeX Info: Redefining \bmod on input line 905.
LaTeX Info: Redefining \pmod on input line 910.
LaTeX Info: Redefining \smash on input line 940.
LaTeX Info: Redefining \relbar on input line 970.
LaTeX Info: Redefining \Relbar on input line 971.
\c@MaxMatrixCols=\count268
\dotsspace@=\muskip16
\c@parentequation=\count269
\dspbrk@lvl=\count270
\tag@help=\toks20
\row@=\count271
\column@=\count272
\maxfields@=\count273
\andhelp@=\toks21
\eqnshift@=\dimen144
\alignsep@=\dimen145
\tagshift@=\dimen146
\tagwidth@=\dimen147
\totwidth@=\dimen148
\lineht@=\dimen149
\@envbody=\toks22
\multlinegap=\skip51
\multlinetaggap=\skip52
\mathdisplay@stack=\toks23
LaTeX Info: Redefining \[ on input line 2953.
LaTeX Info: Redefining \] on input line 2954.
) (C:\Miktex\tex/latex/amsfonts\amsfonts.sty
Package: amsfonts 2013/01/14 v3.01 Basic AMSFonts support
\symAMSa=\mathgroup4
\symAMSb=\mathgroup5
LaTeX Font Info:    Redeclaring math symbol \hbar on input line 98.
LaTeX Font Info:    Overwriting math alphabet `\mathfrak' in version `bold'
(Font)                  U/euf/m/n --> U/euf/b/n on input line 106.
) (C:\Miktex\tex/latex/amsfonts\amssymb.sty
Package: amssymb 2013/01/14 v3.01 AMS font symbols
) (C:\Miktex\tex/generic/babel\babel.sty
Package: babel 2024/01/07 v24.1 The Babel package
\babel@savecnt=\count274
\U@D=\dimen150
\l@unhyphenated=\language79
 (C:\Miktex\tex/generic/babel\txtbabel.def)
\bbl@readstream=\read2
\bbl@dirlevel=\count275

*************************************
* Local config file bblopts.cfg used
*
(C:\Miktex\tex/latex/arabi\bblopts.cfg
File: bblopts.cfg 2005/09/08 v0.1 add Arabic and Farsi to "declared" options of babel
) (C:\Miktex\tex/latex/babel-spanish\spanish.ldf
Language: spanish.ldf 2021/05/27 v5.0q Spanish support from the babel system
\es@quottoks=\toks24
\es@quotdepth=\count276
Package babel Info: Making " an active character on input line 570.
Package babel Info: Making . an active character on input line 675.
Package babel Info: Making < an active character on input line 722.
Package babel Info: Making > an active character on input line 722.
)) (C:\Miktex\tex/generic/babel/locale/es\babel-spanish.tex
Package babel Info: Importing font and identification data for spanish
(babel)             from babel-es.ini. Reported on input line 11.
) (C:\Miktex\tex/latex/realboxes\realboxes.sty
Package: realboxes 2011/08/08 v0.2 Change box commands to read there content as real boxes
 (C:\Miktex\tex/latex/collectbox\collectbox.sty
Package: collectbox 2022/10/17 v0.4c Collect macro arguments as boxes
\collectedbox=\box53
) (C:\Miktex\tex/latex/adjustbox\adjcalc.sty
Package: adjcalc 2012/05/16 v1.1 Provides advanced setlength with multiple back-ends (calc, etex, pgfmath)
 (C:\Miktex\tex/latex/xkeyval\xkeyval.sty
Package: xkeyval 2022/06/16 v2.9 package option processing (HA)
 (C:\Miktex\tex/generic/xkeyval\xkeyval.tex (C:\Miktex\tex/generic/xkeyval\xkvutils.tex
\XKV@toks=\toks25
\XKV@tempa@toks=\toks26
 (C:\Miktex\tex/generic/xkeyval\keyval.tex))
\XKV@depth=\count277
File: xkeyval.tex 2014/12/03 v2.7a key=value parser (HA)
))) (C:\Miktex\tex/latex/graphics\graphicx.sty
Package: graphicx 2021/09/16 v1.2d Enhanced LaTeX Graphics (DPC,SPQR)
 (C:\Miktex\tex/latex/graphics\graphics.sty
Package: graphics 2022/03/10 v1.4e Standard LaTeX Graphics (DPC,SPQR)
 (C:\Miktex\tex/latex/graphics\trig.sty
Package: trig 2021/08/11 v1.11 sin cos tan (DPC)
) (C:\Miktex\tex/latex/graphics-cfg\graphics.cfg
File: graphics.cfg 2016/06/04 v1.11 sample graphics configuration
)
Package graphics Info: Driver file: pdftex.def on input line 107.
 (C:\Miktex\tex/latex/graphics-def\pdftex.def
File: pdftex.def 2022/09/22 v1.2b Graphics/color driver for pdftex
))
\Gin@req@height=\dimen151
\Gin@req@width=\dimen152
)) (C:\Miktex\tex/latex/wrapfig\wrapfig.sty
\wrapoverhang=\dimen153
\WF@size=\dimen154
\c@WF@wrappedlines=\count278
\WF@box=\box54
\WF@everypar=\toks27
Package: wrapfig 2003/01/31  v 3.6
) (C:\Miktex\tex/latex/fancyhdr\fancyhdr.sty
Package: fancyhdr 2025/02/07 v5.2 Extensive control of page headers and footers
\f@nch@headwidth=\skip53
\f@nch@offset@elh=\skip54
\f@nch@offset@erh=\skip55
\f@nch@offset@olh=\skip56
\f@nch@offset@orh=\skip57
\f@nch@offset@elf=\skip58
\f@nch@offset@erf=\skip59
\f@nch@offset@olf=\skip60
\f@nch@offset@orf=\skip61
\f@nch@height=\skip62
\f@nch@footalignment=\skip63
\f@nch@widthL=\skip64
\f@nch@widthC=\skip65
\f@nch@widthR=\skip66
\@temptokenb=\toks28
) (C:\Miktex\tex/latex/hyperref\hyperref.sty
Package: hyperref 2023-11-26 v7.01g Hypertext links for LaTeX
 (C:\Miktex\tex/generic/iftex\iftex.sty
Package: iftex 2022/02/03 v1.0f TeX engine tests
) (C:\Miktex\tex/generic/infwarerr\infwarerr.sty
Package: infwarerr 2019/12/03 v1.5 Providing info/warning/error messages (HO)
) (C:\Miktex\tex/latex/kvsetkeys\kvsetkeys.sty
Package: kvsetkeys 2022-10-05 v1.19 Key value parser (HO)
) (C:\Miktex\tex/generic/kvdefinekeys\kvdefinekeys.sty
Package: kvdefinekeys 2019-12-19 v1.6 Define keys (HO)
) (C:\Miktex\tex/generic/pdfescape\pdfescape.sty
Package: pdfescape 2019/12/09 v1.15 Implements pdfTeX's escape features (HO)
 (C:\Miktex\tex/generic/ltxcmds\ltxcmds.sty
Package: ltxcmds 2023-12-04 v1.26 LaTeX kernel commands for general use (HO)
) (C:\Miktex\tex/generic/pdftexcmds\pdftexcmds.sty
Package: pdftexcmds 2020-06-27 v0.33 Utility functions of pdfTeX for LuaTeX (HO)
Package pdftexcmds Info: \pdf@primitive is available.
Package pdftexcmds Info: \pdf@ifprimitive is available.
Package pdftexcmds Info: \pdfdraftmode found.
)) (C:\Miktex\tex/latex/hycolor\hycolor.sty
Package: hycolor 2020-01-27 v1.10 Color options for hyperref/bookmark (HO)
) (C:\Miktex\tex/latex/letltxmacro\letltxmacro.sty
Package: letltxmacro 2019/12/03 v1.6 Let assignment for LaTeX macros (HO)
) (C:\Miktex\tex/latex/auxhook\auxhook.sty
Package: auxhook 2019-12-17 v1.6 Hooks for auxiliary files (HO)
) (C:\Miktex\tex/latex/hyperref\nameref.sty
Package: nameref 2023-11-26 v2.56 Cross-referencing by name of section
 (C:\Miktex\tex/latex/refcount\refcount.sty
Package: refcount 2019/12/15 v3.6 Data extraction from label references (HO)
) (C:\Miktex\tex/generic/gettitlestring\gettitlestring.sty
Package: gettitlestring 2019/12/15 v1.6 Cleanup title references (HO)
 (C:\Miktex\tex/latex/kvoptions\kvoptions.sty
Package: kvoptions 2022-06-15 v3.15 Key value format for package options (HO)
))
\c@section@level=\count279
) (C:\Miktex\tex/latex/etoolbox\etoolbox.sty
Package: etoolbox 2020/10/05 v2.5k e-TeX tools for LaTeX (JAW)
\etb@tempcnta=\count280
)
\@linkdim=\dimen155
\Hy@linkcounter=\count281
\Hy@pagecounter=\count282
 (C:\Miktex\tex/latex/hyperref\pd1enc.def
File: pd1enc.def 2023-11-26 v7.01g Hyperref: PDFDocEncoding definition (HO)
Now handling font encoding PD1 ...
... no UTF-8 mapping file for font encoding PD1
) (C:\Miktex\tex/generic/intcalc\intcalc.sty
Package: intcalc 2019/12/15 v1.3 Expandable calculations with integers (HO)
)
\Hy@SavedSpaceFactor=\count283
 (C:\Miktex\tex/latex/hyperref\puenc.def
File: puenc.def 2023-11-26 v7.01g Hyperref: PDF Unicode definition (HO)
Now handling font encoding PU ...
... no UTF-8 mapping file for font encoding PU
)
Package hyperref Info: Hyper figures OFF on input line 4181.
Package hyperref Info: Link nesting OFF on input line 4186.
Package hyperref Info: Hyper index ON on input line 4189.
Package hyperref Info: Plain pages OFF on input line 4196.
Package hyperref Info: Backreferencing OFF on input line 4201.
Package hyperref Info: Implicit mode ON; LaTeX internals redefined.
Package hyperref Info: Bookmarks ON on input line 4448.
\c@Hy@tempcnt=\count284
 (C:\Miktex\tex/latex/url\url.sty
\Urlmuskip=\muskip17
Package: url 2013/09/16  ver 3.4  Verb mode for urls, etc.
)
LaTeX Info: Redefining \url on input line 4786.
\XeTeXLinkMargin=\dimen156
 (C:\Miktex\tex/generic/bitset\bitset.sty
Package: bitset 2019/12/09 v1.3 Handle bit-vector datatype (HO)
 (C:\Miktex\tex/generic/bigintcalc\bigintcalc.sty
Package: bigintcalc 2019/12/15 v1.5 Expandable calculations on big integers (HO)
))
\Fld@menulength=\count285
\Field@Width=\dimen157
\Fld@charsize=\dimen158
Package hyperref Info: Hyper figures OFF on input line 6065.
Package hyperref Info: Link nesting OFF on input line 6070.
Package hyperref Info: Hyper index ON on input line 6073.
Package hyperref Info: backreferencing OFF on input line 6080.
Package hyperref Info: Link coloring OFF on input line 6085.
Package hyperref Info: Link coloring with OCG OFF on input line 6090.
Package hyperref Info: PDF/A mode OFF on input line 6095.
 (C:\Miktex\tex/latex/base\atbegshi-ltx.sty
Package: atbegshi-ltx 2021/01/10 v1.0c Emulation of the original atbegshi
package with kernel methods
)
\Hy@abspage=\count286
\c@Item=\count287
\c@Hfootnote=\count288
)
Package hyperref Info: Driver (autodetected): hpdftex.
 (C:\Miktex\tex/latex/hyperref\hpdftex.def
File: hpdftex.def 2023-11-26 v7.01g Hyperref driver for pdfTeX
 (C:\Miktex\tex/latex/base\atveryend-ltx.sty
Package: atveryend-ltx 2020/08/19 v1.0a Emulation of the original atveryend package
with kernel methods
)
\Fld@listcount=\count289
\c@bookmark@seq@number=\count290
 (C:\Miktex\tex/latex/rerunfilecheck\rerunfilecheck.sty
Package: rerunfilecheck 2022-07-10 v1.10 Rerun checks for auxiliary files (HO)
 (C:\Miktex\tex/generic/uniquecounter\uniquecounter.sty
Package: uniquecounter 2019/12/15 v1.4 Provide unlimited unique counter (HO)
)
Package uniquecounter Info: New unique counter `rerunfilecheck' on input line 285.
)
\Hy@SectionHShift=\skip67
) (C:\Miktex\tex/latex/datatool\datatool.sty
Package: datatool 2025/03/05 v3.0.1 (NLCT)
 (C:\Miktex\tex/latex/base\ifthen.sty
Package: ifthen 2022/04/13 v1.1d Standard LaTeX ifthen package (DPC)
) (C:\Miktex\tex/latex/xfor\xfor.sty
Package: xfor 2009/02/05 v1.05 (NLCT)
) (C:\Miktex\tex/latex/tracklang\tracklang.sty
Package: tracklang 2025/03/04 v1.6.5 (NLCT) Track Languages
 (C:\Miktex\tex/generic/tracklang\tracklang.tex)) (C:\Miktex\tex/latex/datatool\datatool-base.sty
Package: datatool-base 2025/03/05 v3.0.1 (NLCT)
 (C:\Miktex\tex/latex/datatool\datatool-l3fp.def
File: datatool-l3fp.def 2025/03/05 v3.0.1 (NLCT)
)
\@dtl@toks=\toks29
\@dtl@tmpcount=\count291
\dtl@tmplength=\skip68
\l__datatool_measure_box=\box55
\dtl@sortresult=\count292
 (C:\Miktex\tex/latex/datatool\datatool-utf8.ldf
File: datatool-utf8.ldf 2025/03/05 v3.0.1 (NLCT)
)
\@dtl@datatype=\count293
\l__datatool_tmpa_int=\count294
\l__datatool_tmpb_int=\count295
\l__datatool_tmpc_int=\count296
\l__datatool_tmpd_int=\count297
\l__datatool_count_int=\count298
\l__datatool_tmp_datatype_int=\count299
\l__datatool_tmpa_dim=\dimen159
\l__datatool_tmpb_dim=\dimen160
\c_datatool_unknown_int=\count300
\l__datatool_year_int=\count301
\l__datatool_month_int=\count302
\l__datatool_day_int=\count303
\l__datatool_hour_int=\count304
\l__datatool_minute_int=\count305
\l__datatool_second_int=\count306
\l__datatool_tzhour_int=\count307
\l__datatool_tzminute_int=\count308
\l__datatool_julian_int=\count309
\l__datatool_local_julian_int=\count310
\l__datatool_prefix_int=\count311
\l__datatool_suffix_int=\count312
\@dtl@foreach@level=\count313


Package tracklang Warning: No `datatool' support for dialect `spanish'  on input line 9897.

\dtl@codeA=\count314
\dtl@codeB=\count315
)
\l__datatool_max_cols_int=\count316
\l__datatool_col_idx_int=\count317
\l__datatool_row_idx_int=\count318
\l__datatool_item_type_int=\count319
\l__datatool_action_column_int=\count320
\l__datatool_action_column_ii_int=\count321
\l__datatool_action_row_int=\count322
\l__datatool_action_row_ii_int=\count323
\l__datatool_action_type_int=\count324
\l__datatool_action_datum_round_int=\count325
\dtlcolumnnum=\count326
\dtlrownum=\count327
\@dtl@before=\toks30
\@dtl@after=\toks31
\@dtl@colhead=\toks32
\dtlcurrentrow=\toks33
\dtlbeforerow=\toks34
\dtlafterrow=\toks35
\l__datatool_map_data_max_cols_int=\count328
\l__datatool_map_data_edit_column_int=\count329
\dtlforeachlevel=\count330
\c@DTLrow=\count331
\c@DTLrowi=\count332
\c@DTLrowii=\count333
\c@DTLrowiii=\count334
\dtl@rowi=\count335
\dtl@rowii=\count336
\dtl@rowiii=\count337
\g__filtered_row_i_int=\count338
\g__filtered_row_ii_int=\count339
\g__filtered_row_iii_int=\count340
\@dtl@curi=\toks36
\@dtl@previ=\toks37
\@dtl@nexti=\toks38
\@dtl@curii=\toks39
\@dtl@previi=\toks40
\@dtl@nextii=\toks41
\@dtl@curiii=\toks42
\@dtl@previii=\toks43
\@dtl@nextiii=\toks44
\l_datatool_display_per_row_int=\count341
\l_datatool_display_tab_rows_int=\count342
\@dtl@toksA=\toks45
\@dtl@toksB=\toks46
\@dtl@elements=\count343
\__datatool_sort_data_sortcol_int=\count344
\__datatool_sort_data_grpcol_int=\count345
\dtl@omitlines=\count346
\l__datatool_line_int=\count347
) (C:\Miktex\tex/latex/glossaries/base\glossaries.sty
Package: glossaries 2025/03/03 v4.56 (NLCT)
 (C:\Miktex\tex/latex/mfirstuc\mfirstuc.sty
Package: mfirstuc 2022/10/14 v2.08 (NLCT)
\@glsmfirst=\toks47
\@glsmrest=\toks48
) (C:\Miktex\tex/latex/translator\translator.sty
Package: translator 2021-05-31 v1.12d Easy translation of strings in LaTeX
) (C:\Miktex\tex/latex/glossaries-spanish\glossaries-spanish.ldf
File: glossaries-spanish.ldf 2014/11/23 v1.0
 (C:\Miktex\tex/latex/glossaries-spanish\glossaries-spanish-utf8.ldf))
\gls@level=\count348
\@gls@tmpb=\toks49
\gls@tmplen=\skip69
\glskeylisttok=\toks50
\glslabeltok=\toks51
\glsshorttok=\toks52
\glslongtok=\toks53
 (C:\Miktex\tex/latex/glossaries/styles\glossary-hypernav.sty
Package: glossary-hypernav 2025/03/03 v4.56 (NLCT)
) (C:\Miktex\tex/latex/glossaries/styles\glossary-list.sty
Package: glossary-list 2025/03/03 v4.56 (NLCT)
\glslistdottedwidth=\skip70
) (C:\Miktex\tex/latex/glossaries/styles\glossary-long.sty
Package: glossary-long 2025/03/03 v4.56 (NLCT)
 (C:\Miktex\tex/latex/tools\longtable.sty
Package: longtable 2023-11-01 v4.19 Multi-page Table package (DPC)
\LTleft=\skip71
\LTright=\skip72
\LTpre=\skip73
\LTpost=\skip74
\LTchunksize=\count349
\LTcapwidth=\dimen161
\LT@head=\box56
\LT@firsthead=\box57
\LT@foot=\box58
\LT@lastfoot=\box59
\LT@gbox=\box60
\LT@cols=\count350
\LT@rows=\count351
\c@LT@tables=\count352
\c@LT@chunks=\count353
\LT@p@ftn=\toks54
)
\glsdescwidth=\skip75
\glspagelistwidth=\skip76
) (C:\Miktex\tex/latex/glossaries/styles\glossary-super.sty
Package: glossary-super 2025/03/03 v4.56 (NLCT)
 (C:\Miktex\tex/latex/supertabular\supertabular.sty
Package: supertabular 2024/07/20 v4.2c the supertabular environment
\c@tracingst=\count354
\ST@wd=\dimen162
\ST@rightskip=\skip77
\ST@leftskip=\skip78
\ST@parfillskip=\skip79
\ST@pageleft=\dimen163
\ST@headht=\dimen164
\ST@tailht=\dimen165
\ST@pagesofar=\dimen166
\ST@pboxht=\dimen167
\ST@rowht=\dimen168
\ST@prevht=\dimen169
\ST@toadd=\dimen170
\ST@dimen=\dimen171
\ST@pbox=\box61
)) (C:\Miktex\tex/latex/glossaries/styles\glossary-tree.sty
Package: glossary-tree 2025/03/03 v4.56 (NLCT)
\glstreeindent=\skip80
)) (C:\Miktex\tex/latex/base\makeidx.sty
Package: makeidx 2021/10/04 v1.0m Standard LaTeX package
) (C:\Miktex\tex/latex/multirow\multirow.sty
Package: multirow 2024/11/12 v2.9 Span multiple rows of a table
\multirow@colwidth=\skip81
\multirow@cntb=\count355
\multirow@dima=\skip82
\bigstrutjot=\dimen172
) (C:\Miktex\tex/latex/tools\multicol.sty
Package: multicol 2023/03/30 v1.9f multicolumn formatting (FMi)
\c@tracingmulticols=\count356
\mult@box=\box62
\multicol@leftmargin=\dimen173
\c@unbalance=\count357
\c@collectmore=\count358
\doublecol@number=\count359
\multicoltolerance=\count360
\multicolpretolerance=\count361
\full@width=\dimen174
\page@free=\dimen175
\premulticols=\dimen176
\postmulticols=\dimen177
\multicolsep=\skip83
\multicolbaselineskip=\skip84
\partial@page=\box63
\last@line=\box64
\mc@boxedresult=\box65
\maxbalancingoverflow=\dimen178
\mult@rightbox=\box66
\mult@grightbox=\box67
\mult@firstbox=\box68
\mult@gfirstbox=\box69
\@tempa=\box70
\@tempa=\box71
\@tempa=\box72
\@tempa=\box73
\@tempa=\box74
\@tempa=\box75
\@tempa=\box76
\@tempa=\box77
\@tempa=\box78
\@tempa=\box79
\@tempa=\box80
\@tempa=\box81
\@tempa=\box82
\@tempa=\box83
\@tempa=\box84
\@tempa=\box85
\@tempa=\box86
\@tempa=\box87
\@tempa=\box88
\@tempa=\box89
\@tempa=\box90
\@tempa=\box91
\@tempa=\box92
\@tempa=\box93
\@tempa=\box94
\@tempa=\box95
\@tempa=\box96
\@tempa=\box97
\@tempa=\box98
\@tempa=\box99
\@tempa=\box100
\@tempa=\box101
\@tempa=\box102
\@tempa=\box103
\@tempa=\box104
\@tempa=\box105
\c@minrows=\count362
\c@columnbadness=\count363
\c@finalcolumnbadness=\count364
\last@try=\dimen179
\multicolovershoot=\dimen180
\multicolundershoot=\dimen181
\mult@nat@firstbox=\box106
\colbreak@box=\box107
\mc@col@check@num=\count365
) (C:\Miktex\tex/latex/colortbl\colortbl.sty
Package: colortbl 2024/07/06 v1.0i Color table columns (DPC)
 (C:\Miktex\tex/latex/tools\array.sty
Package: array 2023/10/16 v2.5g Tabular extension package (FMi)
\col@sep=\dimen182
\ar@mcellbox=\box108
\extrarowheight=\dimen183
\NC@list=\toks55
\extratabsurround=\skip85
\backup@length=\skip86
\ar@cellbox=\box109
) (C:\Miktex\tex/latex/graphics\color.sty
Package: color 2022/01/06 v1.3d Standard LaTeX Color (DPC)
 (C:\Miktex\tex/latex/graphics-cfg\color.cfg
File: color.cfg 2016/01/02 v1.6 sample color configuration
)
Package color Info: Driver file: pdftex.def on input line 149.
 (C:\Miktex\tex/latex/graphics\mathcolor.ltx))
\everycr=\toks56
\minrowclearance=\skip87
\rownum=\count366
) (C:\Miktex\tex/latex/cite\cite.sty
LaTeX Info: Redefining \cite on input line 302.
LaTeX Info: Redefining \nocite on input line 332.
Package: cite 2015/02/27  v 5.5
) (IEEEtrantools.sty
Package: IEEEtrantools 2015/08/26 V1.5 by Michael Shell

-- See the "IEEEtrantools_doc.txt" manual for usage information.
-- http://www.michaelshell.org/tex/ieeetran/tools/
\@IEEEtrantmpdimenA=\dimen184
\@IEEEtrantmpdimenB=\dimen185
\@IEEEtrantmpdimenC=\dimen186
\@IEEEtrantmpcountA=\count367
\@IEEEtrantmpcountB=\count368
\@IEEEtrantmpcountC=\count369
\@IEEEtrantmptoksA=\toks57
\IEEEnormaljot=\dimen187
\IEEEquantizedlength=\dimen188
\IEEEquantizedlengthdiff=\dimen189
\IEEEquantizedtextheightdiff=\dimen190
\IEEEilabelindentA=\dimen191
\IEEEilabelindentB=\dimen192
\IEEEilabelindent=\dimen193
\IEEEelabelindent=\dimen194
\IEEEdlabelindent=\dimen195
\IEEElabelindent=\dimen196
\IEEEiednormlabelsep=\dimen197
\IEEEiedmathlabelsep=\dimen198
\IEEEiedtopsep=\skip88
\c@IEEEsubequation=\count370
\@IEEEeqnnumcols=\count371
\@IEEEeqncolcnt=\count372
\@IEEEsubeqnnumrollback=\count373
\IEEEPARstartletwidth=\dimen199
) (C:\Miktex\tex/latex/float\float.sty
Package: float 2001/11/08 v1.3d Float enhancements (AL)
\c@float@type=\count374
\float@exts=\toks58
\float@box=\box110
\@float@everytoks=\toks59
\@floatcapt=\box111
)
\@indexfile=\write3
\openout3 = `tfg.idx'.


Writing index file tfg.idx
\glswrite=\write4
\glo@main@file=\write5
\openout5 = `tfg.glo'.

Package glossaries Info: Writing glossary file tfg.glo on input line 26.
(C:\Miktex\tex/latex/l3backend\l3backend-pdftex.def
File: l3backend-pdftex.def 2024-01-04 L3 backend support: PDF output (pdfTeX)
\l__color_backend_stack_int=\count375
\l__pdf_internal_box=\box112
)
No file tfg.aux.
\openout1 = `tfg.aux'.

LaTeX Font Info:    Checking defaults for OML/cmm/m/it on input line 28.
LaTeX Font Info:    ... okay on input line 28.
LaTeX Font Info:    Checking defaults for OMS/cmsy/m/n on input line 28.
LaTeX Font Info:    ... okay on input line 28.
LaTeX Font Info:    Checking defaults for OT1/cmr/m/n on input line 28.
LaTeX Font Info:    ... okay on input line 28.
LaTeX Font Info:    Checking defaults for T1/cmr/m/n on input line 28.
LaTeX Font Info:    ... okay on input line 28.
LaTeX Font Info:    Checking defaults for TS1/cmr/m/n on input line 28.
LaTeX Font Info:    ... okay on input line 28.
LaTeX Font Info:    Checking defaults for OMX/cmex/m/n on input line 28.
LaTeX Font Info:    ... okay on input line 28.
LaTeX Font Info:    Checking defaults for U/cmr/m/n on input line 28.
LaTeX Font Info:    ... okay on input line 28.
LaTeX Font Info:    Checking defaults for PD1/pdf/m/n on input line 28.
LaTeX Font Info:    ... okay on input line 28.
LaTeX Font Info:    Checking defaults for PU/pdf/m/n on input line 28.
LaTeX Font Info:    ... okay on input line 28.
LaTeX Info: Redefining \. on input line 28.
LaTeX Info: Redefining \% on input line 28.
(C:\Miktex\tex/context/base/mkii\supp-pdf.mkii
[Loading MPS to PDF converter (version 2006.09.02).]
\scratchcounter=\count376
\scratchdimen=\dimen256
\scratchbox=\box113
\nofMPsegments=\count377
\nofMParguments=\count378
\everyMPshowfont=\toks60
\MPscratchCnt=\count379
\MPscratchDim=\dimen257
\MPnumerator=\count380
\makeMPintoPDFobject=\count381
\everyMPtoPDFconversion=\toks61
) (C:\Miktex\tex/latex/epstopdf-pkg\epstopdf-base.sty
Package: epstopdf-base 2020-01-24 v2.11 Base part for package epstopdf
Package epstopdf-base Info: Redefining graphics rule for `.eps' on input line 485.
 (C:\Miktex\tex/latex/00miktex\epstopdf-sys.cfg
File: epstopdf-sys.cfg 2021/03/18 v2.0 Configuration of epstopdf for MiKTeX
))
Package hyperref Info: Link coloring OFF on input line 28.
\@outlinefile=\write6
\openout6 = `tfg.out'.

 (tfg.glsdefs)
LaTeX Font Info:    Trying to load font information for U+msa on input line 46.
 (C:\Miktex\tex/latex/amsfonts\umsa.fd
File: umsa.fd 2013/01/14 v3.01 AMS symbols A
)
LaTeX Font Info:    Trying to load font information for U+msb on input line 46.
 (C:\Miktex\tex/latex/amsfonts\umsb.fd
File: umsb.fd 2013/01/14 v3.01 AMS symbols B
)

LaTeX Font Warning: Font shape `OT1/cmr/bx/sc' undefined
(Font)              using `OT1/cmr/bx/n' instead on input line 54.

<./portada_y_ficha_catalografica/logo.png, id=3, 216.0873pt x 216.0873pt>
File: ./portada_y_ficha_catalografica/logo.png Graphic file (type png)
<use ./portada_y_ficha_catalografica/logo.png>
Package pdftex.def Info: ./portada_y_ficha_catalografica/logo.png  used on input line 63.
(pdftex.def)             Requested size: 129.65337pt x 129.65337pt.
[1

\openout4 = `tfg.ist'.


{C:/Users/User/AppData/Local/MiKTeX/fonts/map/pdftex/pdftex.map} <./portada_y_ficha_catalografica/logo.png>]
\openout2 = `./portada_y_ficha_catalografica/portada_y_ficha_catalografica.aux'.

 (portada_y_ficha_catalografica/portada_y_ficha_catalografica.tex [2

]
Overfull \hbox (2.97382pt too wide) in paragraph at lines 61--90
 [][] 
 []

[3]
No file tfg.toc.
\tf@toc=\write7
\openout7 = `tfg.toc'.

) [4

]
\openout2 = `./hoja_aprobacion/hoja_aprobacion.aux'.

 (hoja_aprobacion/hoja_aprobacion.tex) [5



]
\openout2 = `./dedicatoria/dedicatoria.aux'.

 (dedicatoria/dedicatoria.tex) [6



]
\openout2 = `./agradecimientos/agradecimientos.aux'.

 (agradecimientos/agradecimientos.tex) [7



]
\openout2 = `./epigrafe/epigrafe.aux'.

 (epigrafe/epigrafe.tex) [8



]
\openout2 = `./resumen/resumen.aux'.

 (resumen/resumen.tex) [9



]
\openout2 = `./abstract/abstract.aux'.

 (abstract/abstract.tex) [10



] (tfg.toc)
\tf@toc=\write8
\openout8 = `tfg.toc'.

 [11



]
No file tfg.lof.
\tf@lof=\write9
\openout9 = `tfg.lof'.

[12

]
No file tfg.lot.
\tf@lot=\write10
\openout10 = `tfg.lot'.

No file tfg.gls.
[13

]
\openout2 = `./capitulo_01/introduccion.aux'.

 (capitulo_01/introduccion.tex
Cap\'{\i }tulo 1.
[1



]

Package fancyhdr Warning: \headheight is too small (12.0pt): 
(fancyhdr)                Make it at least 14.49998pt, for example:
(fancyhdr)                \setlength{\headheight}{14.49998pt}.
(fancyhdr)                You might also make \topmargin smaller:
(fancyhdr)                \addtolength{\topmargin}{-2.49998pt}.

[2]

LaTeX Warning: Citation `Angel' on page 3 undefined on input line 67.


LaTeX Warning: Citation `Cobian' on page 3 undefined on input line 69.


LaTeX Warning: Citation `Dorian' on page 3 undefined on input line 72.


LaTeX Warning: Citation `Salvador' on page 3 undefined on input line 74.


LaTeX Warning: Citation `Shuai' on page 3 undefined on input line 76.


Package fancyhdr Warning: \headheight is too small (12.0pt): 
(fancyhdr)                Make it at least 14.49998pt, for example:
(fancyhdr)                \setlength{\headheight}{14.49998pt}.
(fancyhdr)                You might also make \topmargin smaller:
(fancyhdr)                \addtolength{\topmargin}{-2.49998pt}.

[3]
Overfull \hbox (0.62378pt too wide) in paragraph at lines 83--83
[]\OT1/cmr/bx/sc/17.28 Descripci^^Son de los con-te-ni-dos por cap^^S^^Ptu-
 []


Underfull \hbox (badness 10000) in paragraph at lines 85--86

 []


Package fancyhdr Warning: \headheight is too small (12.0pt): 
(fancyhdr)                Make it at least 14.49998pt, for example:
(fancyhdr)                \setlength{\headheight}{14.49998pt}.
(fancyhdr)                You might also make \topmargin smaller:
(fancyhdr)                \addtolength{\topmargin}{-2.49998pt}.

[4]

Package fancyhdr Warning: \headheight is too small (12.0pt): 
(fancyhdr)                Make it at least 14.49998pt, for example:
(fancyhdr)                \setlength{\headheight}{14.49998pt}.
(fancyhdr)                You might also make \topmargin smaller:
(fancyhdr)                \addtolength{\topmargin}{-2.49998pt}.

[5])

Package fancyhdr Warning: \headheight is too small (12.0pt): 
(fancyhdr)                Make it at least 14.49998pt, for example:
(fancyhdr)                \setlength{\headheight}{14.49998pt}.
(fancyhdr)                You might also make \topmargin smaller:
(fancyhdr)                \addtolength{\topmargin}{-2.49998pt}.

[6]
\openout2 = `./capitulo_02/marco_teorico.aux'.

 (capitulo_02/marco_teorico.tex
\c@teorema=\count382

Cap\'{\i }tulo 2.

Overfull \hbox (7.96107pt too wide) in paragraph at lines 18--25
\OT1/cmr/m/n/12 Durante to-do el pro-ce-so, se de-ben con-si-de-rar fac-to-res co-mo el im-pac-to econ^^Somi-
 []


Underfull \hbox (badness 10000) in paragraph at lines 18--25

 []


LaTeX Warning: Citation `Leo' on page 7 undefined on input line 27.


LaTeX Warning: Citation `Raul' on page 7 undefined on input line 36.


Underfull \hbox (badness 10000) in paragraph at lines 26--37

 []

[7




]

LaTeX Warning: Citation `Raul' on page 8 undefined on input line 51.


Underfull \hbox (badness 10000) in paragraph at lines 38--52

 []


Underfull \hbox (badness 10000) in paragraph at lines 38--52

 []

<./images/grafico.png, id=117, 362.10281pt x 245.41687pt>
File: ./images/grafico.png Graphic file (type png)
<use ./images/grafico.png>
Package pdftex.def Info: ./images/grafico.png  used on input line 56.
(pdftex.def)             Requested size: 362.10191pt x 245.41626pt.
[8]
Underfull \hbox (badness 10000) in paragraph at lines 62--70

 []


LaTeX Warning: Citation `Luis' on page 9 undefined on input line 72.


Underfull \hbox (badness 10000) in paragraph at lines 71--79

 []

[9
pdfTeX warning (ext4): destination with the same identifier (name{figure.2.1}) has been already used, duplicate ignored
<argument> ...shipout:D \box_use:N \l_shipout_box 
                                                  \__shipout_drop_firstpage_...
l.79 
      <./images/grafico.png>]
Underfull \hbox (badness 10000) in paragraph at lines 81--88

 []


LaTeX Warning: Citation `Zamo' on page 10 undefined on input line 89.


Underfull \hbox (badness 10000) in paragraph at lines 89--99

 []

[10]

LaTeX Warning: Citation `Nava' on page 11 undefined on input line 104.


Underfull \hbox (badness 10000) in paragraph at lines 102--129

 []

[11]

LaTeX Warning: Citation `Lema' on page 12 undefined on input line 134.


Underfull \hbox (badness 10000) in paragraph at lines 132--135

 []

[12]
Underfull \hbox (badness 10000) in paragraph at lines 136--155

 []


Underfull \hbox (badness 10000) in paragraph at lines 156--167

 []

[13]

LaTeX Warning: Citation `Var' on page 14 undefined on input line 170.


Underfull \hbox (badness 10000) in paragraph at lines 169--198

 []

[14]
Underfull \hbox (badness 10000) in paragraph at lines 199--210

 []

[15]) [16] (capitulo_03/marco_metodologico.tex
Cap\'{\i }tulo 3.

LaTeX Warning: Citation `K' on page 17 undefined on input line 12.


LaTeX Warning: Citation `B' on page 17 undefined on input line 13.


LaTeX Warning: Citation `15' on page 17 undefined on input line 14.


Underfull \hbox (badness 10000) in paragraph at lines 10--15

 []


LaTeX Warning: Citation `go' on page 17 undefined on input line 18.


LaTeX Warning: Citation `to' on page 17 undefined on input line 19.


Underfull \hbox (badness 10000) in paragraph at lines 16--21

 []

[17



]
Underfull \hbox (badness 10000) in paragraph at lines 23--29

 []

<./images/Google trends.png, id=173, 722.7pt x 406.51875pt>
File: ./images/Google trends.png Graphic file (type png)
<use ./images/Google trends.png>
Package pdftex.def Info: ./images/Google trends.png  used on input line 34.
(pdftex.def)             Requested size: 794.97246pt x 447.172pt.

Overfull \hbox (404.97246pt too wide) in paragraph at lines 34--35
 [] 
 []

[18]
Underfull \hbox (badness 10000) in paragraph at lines 39--40

 []

[19
pdfTeX warning (ext4): destination with the same identifier (name{figure.3.1}) has been already used, duplicate ignored
<argument> ...shipout:D \box_use:N \l_shipout_box 
                                                  \__shipout_drop_firstpage_...
l.40 
      <./images/Google trends.png>]
<./images/tiobe.1.png, id=186, 948.54375pt x 459.96844pt>
File: ./images/tiobe.1.png Graphic file (type png)
<use ./images/tiobe.1.png>
Package pdftex.def Info: ./images/tiobe.1.png  used on input line 45.
(pdftex.def)             Requested size: 379.41077pt x 183.98412pt.

Underfull \hbox (badness 10000) in paragraph at lines 53--54

 []

<./images/tiobe.png, id=187, 1038.12843pt x 469.00218pt>
File: ./images/tiobe.png Graphic file (type png)
<use ./images/tiobe.png>
Package pdftex.def Info: ./images/tiobe.png  used on input line 57.
(pdftex.def)             Requested size: 415.24402pt x 187.59755pt.

Overfull \hbox (25.24402pt too wide) in paragraph at lines 57--58
 [] 
 []

[20
pdfTeX warning (ext4): destination with the same identifier (name{figure.3.2}) has been already used, duplicate ignored
<argument> ...shipout:D \box_use:N \l_shipout_box 
                                                  \__shipout_drop_firstpage_...
l.62 \subsection
                {Características de las herramientas.} <./images/tiobe.1.png>]

LaTeX Warning: Citation `Bl' on page 21 undefined on input line 69.


Underfull \hbox (badness 10000) in paragraph at lines 64--70

 []


LaTeX Warning: Citation `Tec' on page 21 undefined on input line 77.


Underfull \hbox (badness 10000) in paragraph at lines 71--78

 []

[21
pdfTeX warning (ext4): destination with the same identifier (name{figure.3.3}) has been already used, duplicate ignored
<argument> ...shipout:D \box_use:N \l_shipout_box 
                                                  \__shipout_drop_firstpage_...
l.78 
      <./images/tiobe.png>]

LaTeX Warning: Citation `ph' on page 22 undefined on input line 84.


Underfull \hbox (badness 10000) in paragraph at lines 79--85

 []

[22]
<./images/Tablas de comparacion.png, id=207, 769.37437pt x 468.24937pt>
File: ./images/Tablas de comparacion.png Graphic file (type png)
<use ./images/Tablas de comparacion.png>
Package pdftex.def Info: ./images/Tablas de comparacion.png  used on input line 97.
(pdftex.def)             Requested size: 846.31444pt x 515.07588pt.

Overfull \hbox (456.31444pt too wide) in paragraph at lines 97--98
 [] 
 []


Underfull \hbox (badness 10000) in paragraph at lines 94--101

 []

[23]

LaTeX Warning: Citation `doc' on page 24 undefined on input line 107.

)
Underfull \hbox (badness 10000) in paragraph at lines 104--109

 []

[24
pdfTeX warning (ext4): destination with the same identifier (name{figure.3.4}) has been already used, duplicate ignored
<argument> ...shipout:D \box_use:N \l_shipout_box 
                                                  \__shipout_drop_firstpage_...
l.109 \include{./capitulo_04/resultados}
                                         <./images/Tablas de comparacion.png>] [25]
\openout2 = `./capitulo_04/resultados.aux'.

 (capitulo_04/resultados.tex
Cap\'{\i }tulo 4.

Underfull \hbox (badness 10000) in paragraph at lines 12--13

 []


Underfull \hbox (badness 10000) in paragraph at lines 14--17

 []


Underfull \hbox (badness 10000) in paragraph at lines 18--21

 []

[26


]
Underfull \hbox (badness 10000) in paragraph at lines 23--25

 []

<./images/Arquitectura del sistema experto.png, id=232, 1014.03844pt x 471.26062pt>
File: ./images/Arquitectura del sistema experto.png Graphic file (type png)
<use ./images/Arquitectura del sistema experto.png>
Package pdftex.def Info: ./images/Arquitectura del sistema experto.png  used on input line 35.
(pdftex.def)             Requested size: 1014.03596pt x 471.25948pt.

Overfull \hbox (624.03596pt too wide) in paragraph at lines 35--36
 [] 
 []

[27]
Underfull \hbox (badness 10000) in paragraph at lines 40--41

 []

[28
pdfTeX warning (ext4): destination with the same identifier (name{figure.4.1}) has been already used, duplicate ignored
<argument> ...shipout:D \box_use:N \l_shipout_box 
                                                  \__shipout_drop_firstpage_...
l.42 E
      ncargado de recibir información en tiempo real desde los sensores ins... <./images/Arquitectura del sistema experto.png>]
Underfull \hbox (badness 10000) in paragraph at lines 42--50

 []


Underfull \hbox (badness 10000) in paragraph at lines 42--50

 []


Underfull \hbox (badness 10000) in paragraph at lines 42--50

 []


Underfull \hbox (badness 10000) in paragraph at lines 42--50

 []


Underfull \hbox (badness 10000) in paragraph at lines 51--55

 []


Underfull \hbox (badness 10000) in paragraph at lines 51--55

 []


Underfull \hbox (badness 10000) in paragraph at lines 56--62

 []


Underfull \hbox (badness 10000) in paragraph at lines 56--62

 []

<./images/Modulo de adquisicion de datos.png, id=245, 749.80125pt x 444.15938pt>
File: ./images/Modulo de adquisicion de datos.png Graphic file (type png)
<use ./images/Modulo de adquisicion de datos.png>
Package pdftex.def Info: ./images/Modulo de adquisicion de datos.png  used on input line 65.
(pdftex.def)             Requested size: 374.8997pt x 222.07913pt.
[29]
Underfull \hbox (badness 10000) in paragraph at lines 71--75

 []


Underfull \hbox (badness 10000) in paragraph at lines 71--75

 []

<./images/motor de inferencia.png, id=250, 722.7pt x 406.51875pt>
File: ./images/motor de inferencia.png Graphic file (type png)
<use ./images/motor de inferencia.png>
Package pdftex.def Info: ./images/motor de inferencia.png  used on input line 78.
(pdftex.def)             Requested size: 505.88655pt x 284.56117pt.

Overfull \hbox (115.88655pt too wide) in paragraph at lines 78--79
 [] 
 []

[30
pdfTeX warning (ext4): destination with the same identifier (name{figure.4.2}) has been already used, duplicate ignored
<argument> ...shipout:D \box_use:N \l_shipout_box 
                                                  \__shipout_drop_firstpage_...
l.83 
      <./images/Modulo de adquisicion de datos.png>]
Underfull \hbox (badness 10000) in paragraph at lines 85--87

 []

<./images/desarrollo de sistema.png, id=257, 722.7pt x 406.51875pt>
File: ./images/desarrollo de sistema.png Graphic file (type png)
<use ./images/desarrollo de sistema.png>
Package pdftex.def Info: ./images/desarrollo de sistema.png  used on input line 90.
(pdftex.def)             Requested size: 433.62334pt x 243.91312pt.

Overfull \hbox (43.62334pt too wide) in paragraph at lines 90--91
 [] 
 []

[31
pdfTeX warning (ext4): destination with the same identifier (name{figure.4.3}) has been already used, duplicate ignored
<argument> ...shipout:D \box_use:N \l_shipout_box 
                                                  \__shipout_drop_firstpage_...
l.95 
      <./images/motor de inferencia.png>]
Underfull \hbox (badness 10000) in paragraph at lines 97--99

 []

<./images/base de conocimiento.png, id=263, 722.7pt x 406.51875pt>
File: ./images/base de conocimiento.png Graphic file (type png)
<use ./images/base de conocimiento.png>
Package pdftex.def Info: ./images/base de conocimiento.png  used on input line 102.
(pdftex.def)             Requested size: 433.62334pt x 243.91312pt.

Overfull \hbox (43.62334pt too wide) in paragraph at lines 102--103
 [] 
 []

[32
pdfTeX warning (ext4): destination with the same identifier (name{figure.4.4}) has been already used, duplicate ignored
<argument> ...shipout:D \box_use:N \l_shipout_box 
                                                  \__shipout_drop_firstpage_...
l.107 
       <./images/desarrollo de sistema.png>]
Underfull \hbox (badness 10000) in paragraph at lines 109--125

 []


Underfull \hbox (badness 10000) in paragraph at lines 109--125

 []


Underfull \hbox (badness 10000) in paragraph at lines 109--125

 []


Underfull \hbox (badness 10000) in paragraph at lines 109--125

 []


Underfull \hbox (badness 10000) in paragraph at lines 109--125

 []

[33
pdfTeX warning (ext4): destination with the same identifier (name{figure.4.5}) has been already used, duplicate ignored
<argument> ...shipout:D \box_use:N \l_shipout_box 
                                                  \__shipout_drop_firstpage_...
l.125 
       <./images/base de conocimiento.png>]
Underfull \hbox (badness 10000) in paragraph at lines 126--127

 []


Underfull \hbox (badness 10000) in paragraph at lines 128--144

 []


Underfull \hbox (badness 10000) in paragraph at lines 128--144

 []


Underfull \hbox (badness 10000) in paragraph at lines 128--144

 []

[34]
Underfull \hbox (badness 10000) in paragraph at lines 145--146

 []

<./images/cuadro sinoptico.png, id=280, 722.7pt x 406.51875pt>
File: ./images/cuadro sinoptico.png Graphic file (type png)
<use ./images/cuadro sinoptico.png>
Package pdftex.def Info: ./images/cuadro sinoptico.png  used on input line 149.
(pdftex.def)             Requested size: 650.42398pt x 365.86348pt.

Overfull \hbox (260.42398pt too wide) in paragraph at lines 149--150
 [] 
 []

[35]
<./images/codigo de login.png, id=285, 1014.03844pt x 471.26062pt>
File: ./images/codigo de login.png Graphic file (type png)
<use ./images/codigo de login.png>
Package pdftex.def Info: ./images/codigo de login.png  used on input line 159.
(pdftex.def)             Requested size: 811.23186pt x 377.00902pt.

Overfull \hbox (421.23186pt too wide) in paragraph at lines 159--160
 [] 
 []

[36
pdfTeX warning (ext4): destination with the same identifier (name{figure.4.6}) has been already used, duplicate ignored
<argument> ...shipout:D \box_use:N \l_shipout_box 
                                                  \__shipout_drop_firstpage_...
l.164 
       <./images/cuadro sinoptico.png>]
<./images/modificar reglas.png, id=293, 1014.03844pt x 471.26062pt>
File: ./images/modificar reglas.png Graphic file (type png)
<use ./images/modificar reglas.png>
Package pdftex.def Info: ./images/modificar reglas.png  used on input line 167.
(pdftex.def)             Requested size: 811.23186pt x 377.00902pt.

Overfull \hbox (421.23186pt too wide) in paragraph at lines 167--168
 [] 
 []

[37
pdfTeX warning (ext4): destination with the same identifier (name{figure.4.7}) has been already used, duplicate ignored
<argument> ...shipout:D \box_use:N \l_shipout_box 
                                                  \__shipout_drop_firstpage_...
l.172 
       <./images/codigo de login.png>]
<./images/agregar eliminar.png, id=300, 1014.03844pt x 471.26062pt>
File: ./images/agregar eliminar.png Graphic file (type png)
<use ./images/agregar eliminar.png>
Package pdftex.def Info: ./images/agregar eliminar.png  used on input line 175.
(pdftex.def)             Requested size: 811.23186pt x 377.00902pt.

Overfull \hbox (421.23186pt too wide) in paragraph at lines 175--176
 [] 
 []

[38
pdfTeX warning (ext4): destination with the same identifier (name{figure.4.8}) has been already used, duplicate ignored
<argument> ...shipout:D \box_use:N \l_shipout_box 
                                                  \__shipout_drop_firstpage_...
l.180 
       <./images/modificar reglas.png>]
<./images/evaluar reglas.png, id=306, 1014.03844pt x 471.26062pt>
File: ./images/evaluar reglas.png Graphic file (type png)
<use ./images/evaluar reglas.png>
Package pdftex.def Info: ./images/evaluar reglas.png  used on input line 183.
(pdftex.def)             Requested size: 811.23186pt x 377.00902pt.

Overfull \hbox (421.23186pt too wide) in paragraph at lines 183--184
 [] 
 []

[39
pdfTeX warning (ext4): destination with the same identifier (name{figure.4.9}) has been already used, duplicate ignored
<argument> ...shipout:D \box_use:N \l_shipout_box 
                                                  \__shipout_drop_firstpage_...
l.188 
       <./images/agregar eliminar.png>]) [40
pdfTeX warning (ext4): destination with the same identifier (name{figure.4.10}) has been already used, duplicate ignored
<argument> ...shipout:D \box_use:N \l_shipout_box 
                                                  \__shipout_drop_firstpage_...
l.109 \include{./capitulo_04/resultados}
                                         <./images/evaluar reglas.png>]
\openout2 = `./capitulo_05/discusion.aux'.

 (capitulo_05/discusion.tex
Cap\'{\i }tulo 5.
[41




]) [42]
No file tfg.gls.
[43




]
\openout2 = `./anexos/anexo.aux'.

 (anexos/anexo.tex) [44



] (tfg.bbl [45




] [46]
Underfull \hbox (badness 1859) in paragraph at lines 185--189
[]\OT1/cmr/m/n/12 ------, ``Ca-rac-te-ris-ti-cas de php,'' \OT1/cmr/m/it/12 Deus-to For-ma-cion\OT1/cmr/m/n/12 ,
 []

) [47] (tfg.aux
LaTeX Info: Redefining \. on input line 18.
LaTeX Info: Redefining \% on input line 18.
 (portada_y_ficha_catalografica/portada_y_ficha_catalografica.aux) (hoja_aprobacion/hoja_aprobacion.aux) (dedicatoria/dedicatoria.aux) (agradecimientos/agradecimientos.aux) (epigrafe/epigrafe.aux) (resumen/resumen.aux) (abstract/abstract.aux) (capitulo_01/introduccion.aux) (capitulo_02/marco_teorico.aux) (capitulo_04/resultados.aux) (capitulo_05/discusion.aux) (anexos/anexo.aux))
 ***********
LaTeX2e <2023-11-01> patch level 1
L3 programming layer <2024-01-04>
 ***********


LaTeX Font Warning: Some font shapes were not available, defaults substituted.


LaTeX Warning: There were undefined references.


LaTeX Warning: Label(s) may have changed. Rerun to get cross-references right.


Package rerunfilecheck Warning: File `tfg.out' has changed.
(rerunfilecheck)                Rerun to get outlines right
(rerunfilecheck)                or use package `bookmark'.

Package rerunfilecheck Info: Checksums for `tfg.out':
(rerunfilecheck)             Before: <no file>
(rerunfilecheck)             After:  F813D09D84EE7C533A87F85966C41B16;11639.
 ) 
Here is how much of TeX's memory you used:
 21706 strings out of 474485
 405937 string characters out of 5760152
 1939542 words of memory out of 5000000
 43473 multiletter control sequences out of 15000+600000
 566776 words of font info for 67 fonts, out of 8000000 for 9000
 1141 hyphenation exceptions out of 8191
 75i,12n,79p,2382b,614s stack positions out of 10000i,1000n,20000p,200000b,200000s
 <C:\Users\User\AppData\Local\MiKTeX\fonts/pk/ljfour/jknappen/ec/dpi600\tcrm1200.pk><C:/Miktex/fonts/type1/public/amsfonts/cm/cmbx12.pfb><C:/Miktex/fonts/type1/public/amsfonts/cm/cmcsc10.pfb><C:/Miktex/fonts/type1/public/amsfonts/cm/cmmi12.pfb><C:/Miktex/fonts/type1/public/amsfonts/cm/cmr12.pfb><C:/Miktex/fonts/type1/public/amsfonts/cm/cmsy6.pfb><C:/Miktex/fonts/type1/public/amsfonts/cm/cmti12.pfb>
Output written on tfg.pdf (60 pages, 1584487 bytes).
PDF statistics:
 478 PDF objects out of 1000 (max. 8388607)
 158 named destinations out of 1000 (max. 500000)
 81 words of extra memory for PDF output out of 10000 (max. 10000000)

