This is pdfTeX, Version 3.141592653-2.6-1.40.26 (MiKTeX 24.12) (preloaded format=pdflatex 2025.3.13)  16 MAR 2025 16:35
entering extended mode
 restricted \write18 enabled.
 file:line:error style messages enabled.
 %&-line parsing enabled.
**/home/vanelo/Documents/TFG2025/tfg_ieee-vscode-git/tfg_ieee/tfg.tex
(/home/vanelo/Documents/TFG2025/tfg_ieee-vscode-git/tfg_ieee/tfg.tex
LaTeX2e <2024-11-01> patch level 2
L3 programming layer <2025-01-18>
(/home/vanelo/.miktex/texmfs/install/tex/latex/base/book.cls
Document Class: book 2024/06/29 v1.4n Standard LaTeX document class
(/home/vanelo/.miktex/texmfs/install/tex/latex/base/bk12.clo
File: bk12.clo 2024/06/29 v1.4n Standard LaTeX file (size option)
)
\c@part=\count196
\c@chapter=\count197
\c@section=\count198
\c@subsection=\count199
\c@subsubsection=\count266
\c@paragraph=\count267
\c@subparagraph=\count268
\c@figure=\count269
\c@table=\count270
\abovecaptionskip=\skip49
\belowcaptionskip=\skip50
\bibindent=\dimen141
) (/home/vanelo/.miktex/texmfs/install/tex/latex/base/inputenc.sty
Package: inputenc 2024/02/08 v1.3d Input encoding file
\inpenc@prehook=\toks17
\inpenc@posthook=\toks18
) (/home/vanelo/.miktex/texmfs/install/tex/latex/amsmath/amsmath.sty
Package: amsmath 2024/11/05 v2.17t AMS math features
\@mathmargin=\skip51

For additional information on amsmath, use the `?' option.
(/home/vanelo/.miktex/texmfs/install/tex/latex/amsmath/amstext.sty
Package: amstext 2021/08/26 v2.01 AMS text
 (/home/vanelo/.miktex/texmfs/install/tex/latex/amsmath/amsgen.sty
File: amsgen.sty 1999/11/30 v2.0 generic functions
\@emptytoks=\toks19
\ex@=\dimen142
)) (/home/vanelo/.miktex/texmfs/install/tex/latex/amsmath/amsbsy.sty
Package: amsbsy 1999/11/29 v1.2d Bold Symbols
\pmbraise@=\dimen143
) (/home/vanelo/.miktex/texmfs/install/tex/latex/amsmath/amsopn.sty
Package: amsopn 2022/04/08 v2.04 operator names
)
\inf@bad=\count271
LaTeX Info: Redefining \frac on input line 233.
\uproot@=\count272
\leftroot@=\count273
LaTeX Info: Redefining \overline on input line 398.
LaTeX Info: Redefining \colon on input line 409.
\classnum@=\count274
\DOTSCASE@=\count275
LaTeX Info: Redefining \ldots on input line 495.
LaTeX Info: Redefining \dots on input line 498.
LaTeX Info: Redefining \cdots on input line 619.
\Mathstrutbox@=\box52
\strutbox@=\box53
LaTeX Info: Redefining \big on input line 721.
LaTeX Info: Redefining \Big on input line 722.
LaTeX Info: Redefining \bigg on input line 723.
LaTeX Info: Redefining \Bigg on input line 724.
\big@size=\dimen144
LaTeX Font Info:    Redeclaring font encoding OML on input line 742.
LaTeX Font Info:    Redeclaring font encoding OMS on input line 743.
\macc@depth=\count276
LaTeX Info: Redefining \bmod on input line 904.
LaTeX Info: Redefining \pmod on input line 909.
LaTeX Info: Redefining \smash on input line 939.
LaTeX Info: Redefining \relbar on input line 969.
LaTeX Info: Redefining \Relbar on input line 970.
\c@MaxMatrixCols=\count277
\dotsspace@=\muskip17
\c@parentequation=\count278
\dspbrk@lvl=\count279
\tag@help=\toks20
\row@=\count280
\column@=\count281
\maxfields@=\count282
\andhelp@=\toks21
\eqnshift@=\dimen145
\alignsep@=\dimen146
\tagshift@=\dimen147
\tagwidth@=\dimen148
\totwidth@=\dimen149
\lineht@=\dimen150
\@envbody=\toks22
\multlinegap=\skip52
\multlinetaggap=\skip53
\mathdisplay@stack=\toks23
LaTeX Info: Redefining \[ on input line 2953.
LaTeX Info: Redefining \] on input line 2954.
) (/home/vanelo/.miktex/texmfs/install/tex/latex/amsfonts/amsfonts.sty
Package: amsfonts 2013/01/14 v3.01 Basic AMSFonts support
\symAMSa=\mathgroup4
\symAMSb=\mathgroup5
LaTeX Font Info:    Redeclaring math symbol \hbar on input line 98.
LaTeX Font Info:    Overwriting math alphabet `\mathfrak' in version `bold'
(Font)                  U/euf/m/n --> U/euf/b/n on input line 106.
) (/home/vanelo/.miktex/texmfs/install/tex/latex/amsfonts/amssymb.sty
Package: amssymb 2013/01/14 v3.01 AMS font symbols
) (/home/vanelo/.miktex/texmfs/install/tex/generic/babel/babel.sty
Package: babel 2025/02/14 v25.4 The multilingual framework for pdfLaTeX, LuaLaTeX and XeLaTeX
\babel@savecnt=\count283
\U@D=\dimen151
\l@unhyphenated=\language2
 (/home/vanelo/.miktex/texmfs/install/tex/generic/babel/txtbabel.def)
\bbl@readstream=\read2
\bbl@dirlevel=\count284

*************************************
* Local config file bblopts.cfg used
*
(/home/vanelo/.miktex/texmfs/install/tex/latex/arabi/bblopts.cfg
File: bblopts.cfg 2005/09/08 v0.1 add Arabic and Farsi to "declared" options of babel
) (/home/vanelo/.miktex/texmfs/install/tex/latex/babel-spanish/spanish.ldf
Language: spanish.ldf 2021/05/27 v5.0q Spanish support from the babel system


Package babel Warning: No hyphenation patterns were preloaded for
(babel)                the language 'Spanish' into the format.
(babel)                Please, configure your TeX system to add them and
(babel)                rebuild the format. Now I will use the patterns
(babel)                preloaded for \language=0 instead on input line 51.

Package babel Info: Hyphen rules for 'spanish' set to \l@english
(babel)             (\language0). Reported on input line 52.
\es@quottoks=\toks24
\es@quotdepth=\count285
Package babel Info: Making " an active character on input line 570.
Package babel Info: Making . an active character on input line 675.
Package babel Info: Making < an active character on input line 722.
Package babel Info: Making > an active character on input line 722.
)) (/home/vanelo/.miktex/texmfs/install/tex/generic/babel/locale/es/babel-spanish.tex
Package babel Info: Importing font and identification data for spanish
(babel)             from babel-es.ini. Reported on input line 11.
) (/home/vanelo/.miktex/texmfs/install/tex/latex/realboxes/realboxes.sty
Package: realboxes 2011/08/08 v0.2 Change box commands to read there content as real boxes
 (/home/vanelo/.miktex/texmfs/install/tex/latex/collectbox/collectbox.sty
Package: collectbox 2022/10/17 v0.4c Collect macro arguments as boxes
\collectedbox=\box54
) (/home/vanelo/.miktex/texmfs/install/tex/latex/adjustbox/adjcalc.sty
Package: adjcalc 2012/05/16 v1.1 Provides advanced setlength with multiple back-ends (calc, etex, pgfmath)
 (/home/vanelo/.miktex/texmfs/install/tex/latex/xkeyval/xkeyval.sty
Package: xkeyval 2022/06/16 v2.9 package option processing (HA)
 (/home/vanelo/.miktex/texmfs/install/tex/generic/xkeyval/xkeyval.tex (/home/vanelo/.miktex/texmfs/install/tex/generic/xkeyval/xkvutils.tex
\XKV@toks=\toks25
\XKV@tempa@toks=\toks26
 (/home/vanelo/.miktex/texmfs/install/tex/generic/xkeyval/keyval.tex))
\XKV@depth=\count286
File: xkeyval.tex 2014/12/03 v2.7a key=value parser (HA)
))) (/home/vanelo/.miktex/texmfs/install/tex/latex/graphics/graphicx.sty
Package: graphicx 2021/09/16 v1.2d Enhanced LaTeX Graphics (DPC,SPQR)
 (/home/vanelo/.miktex/texmfs/install/tex/latex/graphics/graphics.sty
Package: graphics 2024/08/06 v1.4g Standard LaTeX Graphics (DPC,SPQR)
 (/home/vanelo/.miktex/texmfs/install/tex/latex/graphics/trig.sty
Package: trig 2023/12/02 v1.11 sin cos tan (DPC)
) (/home/vanelo/.miktex/texmfs/install/tex/latex/graphics-cfg/graphics.cfg
File: graphics.cfg 2016/06/04 v1.11 sample graphics configuration
)
Package graphics Info: Driver file: pdftex.def on input line 106.
 (/home/vanelo/.miktex/texmfs/install/tex/latex/graphics-def/pdftex.def
File: pdftex.def 2024/04/13 v1.2c Graphics/color driver for pdftex
))
\Gin@req@height=\dimen152
\Gin@req@width=\dimen153
)) (/home/vanelo/.miktex/texmfs/install/tex/latex/wrapfig/wrapfig.sty
\wrapoverhang=\dimen154
\WF@size=\dimen155
\c@WF@wrappedlines=\count287
\WF@box=\box55
\WF@everypar=\toks27
Package: wrapfig 2003/01/31  v 3.6
) (/home/vanelo/.miktex/texmfs/install/tex/latex/fancyhdr/fancyhdr.sty
Package: fancyhdr 2025/02/07 v5.2 Extensive control of page headers and footers
\f@nch@headwidth=\skip54
\f@nch@offset@elh=\skip55
\f@nch@offset@erh=\skip56
\f@nch@offset@olh=\skip57
\f@nch@offset@orh=\skip58
\f@nch@offset@elf=\skip59
\f@nch@offset@erf=\skip60
\f@nch@offset@olf=\skip61
\f@nch@offset@orf=\skip62
\f@nch@height=\skip63
\f@nch@footalignment=\skip64
\f@nch@widthL=\skip65
\f@nch@widthC=\skip66
\f@nch@widthR=\skip67
\@temptokenb=\toks28
) (/home/vanelo/.miktex/texmfs/install/tex/latex/hyperref/hyperref.sty
Package: hyperref 2024-11-05 v7.01l Hypertext links for LaTeX
 (/home/vanelo/.miktex/texmfs/install/tex/generic/iftex/iftex.sty
Package: iftex 2024/12/12 v1.0g TeX engine tests
) (/home/vanelo/.miktex/texmfs/install/tex/latex/kvsetkeys/kvsetkeys.sty
Package: kvsetkeys 2022-10-05 v1.19 Key value parser (HO)
) (/home/vanelo/.miktex/texmfs/install/tex/generic/kvdefinekeys/kvdefinekeys.sty
Package: kvdefinekeys 2019-12-19 v1.6 Define keys (HO)
) (/home/vanelo/.miktex/texmfs/install/tex/generic/pdfescape/pdfescape.sty
Package: pdfescape 2019/12/09 v1.15 Implements pdfTeX's escape features (HO)
 (/home/vanelo/.miktex/texmfs/install/tex/generic/ltxcmds/ltxcmds.sty
Package: ltxcmds 2023-12-04 v1.26 LaTeX kernel commands for general use (HO)
) (/home/vanelo/.miktex/texmfs/install/tex/generic/pdftexcmds/pdftexcmds.sty
Package: pdftexcmds 2020-06-27 v0.33 Utility functions of pdfTeX for LuaTeX (HO)
 (/home/vanelo/.miktex/texmfs/install/tex/generic/infwarerr/infwarerr.sty
Package: infwarerr 2019/12/03 v1.5 Providing info/warning/error messages (HO)
)
Package pdftexcmds Info: \pdf@primitive is available.
Package pdftexcmds Info: \pdf@ifprimitive is available.
Package pdftexcmds Info: \pdfdraftmode found.
)) (/home/vanelo/.miktex/texmfs/install/tex/latex/hycolor/hycolor.sty
Package: hycolor 2020-01-27 v1.10 Color options for hyperref/bookmark (HO)
) (/home/vanelo/.miktex/texmfs/install/tex/latex/hyperref/nameref.sty
Package: nameref 2023-11-26 v2.56 Cross-referencing by name of section
 (/home/vanelo/.miktex/texmfs/install/tex/latex/refcount/refcount.sty
Package: refcount 2019/12/15 v3.6 Data extraction from label references (HO)
) (/home/vanelo/.miktex/texmfs/install/tex/generic/gettitlestring/gettitlestring.sty
Package: gettitlestring 2019/12/15 v1.6 Cleanup title references (HO)
 (/home/vanelo/.miktex/texmfs/install/tex/latex/kvoptions/kvoptions.sty
Package: kvoptions 2022-06-15 v3.15 Key value format for package options (HO)
))
\c@section@level=\count288
) (/home/vanelo/.miktex/texmfs/install/tex/latex/etoolbox/etoolbox.sty
Package: etoolbox 2025/02/11 v2.5l e-TeX tools for LaTeX (JAW)
\etb@tempcnta=\count289
) (/home/vanelo/.miktex/texmfs/install/tex/generic/stringenc/stringenc.sty
Package: stringenc 2019/11/29 v1.12 Convert strings between diff. encodings (HO)
)
\@linkdim=\dimen156
\Hy@linkcounter=\count290
\Hy@pagecounter=\count291
 (/home/vanelo/.miktex/texmfs/install/tex/latex/hyperref/pd1enc.def
File: pd1enc.def 2024-11-05 v7.01l Hyperref: PDFDocEncoding definition (HO)
Now handling font encoding PD1 ...
... no UTF-8 mapping file for font encoding PD1
) (/home/vanelo/.miktex/texmfs/install/tex/generic/intcalc/intcalc.sty
Package: intcalc 2019/12/15 v1.3 Expandable calculations with integers (HO)
)
\Hy@SavedSpaceFactor=\count292
 (/home/vanelo/.miktex/texmfs/install/tex/latex/hyperref/puenc.def
File: puenc.def 2024-11-05 v7.01l Hyperref: PDF Unicode definition (HO)
Now handling font encoding PU ...
... no UTF-8 mapping file for font encoding PU
)
Package hyperref Info: Hyper figures OFF on input line 4157.
Package hyperref Info: Link nesting OFF on input line 4162.
Package hyperref Info: Hyper index ON on input line 4165.
Package hyperref Info: Plain pages OFF on input line 4172.
Package hyperref Info: Backreferencing OFF on input line 4177.
Package hyperref Info: Implicit mode ON; LaTeX internals redefined.
Package hyperref Info: Bookmarks ON on input line 4424.
\c@Hy@tempcnt=\count293
 (/home/vanelo/.miktex/texmfs/install/tex/latex/url/url.sty
\Urlmuskip=\muskip18
Package: url 2013/09/16  ver 3.4  Verb mode for urls, etc.
)
LaTeX Info: Redefining \url on input line 4763.
\XeTeXLinkMargin=\dimen157
 (/home/vanelo/.miktex/texmfs/install/tex/generic/bitset/bitset.sty
Package: bitset 2019/12/09 v1.3 Handle bit-vector datatype (HO)
 (/home/vanelo/.miktex/texmfs/install/tex/generic/bigintcalc/bigintcalc.sty
Package: bigintcalc 2019/12/15 v1.5 Expandable calculations on big integers (HO)
))
\Fld@menulength=\count294
\Field@Width=\dimen158
\Fld@charsize=\dimen159
Package hyperref Info: Hyper figures OFF on input line 6042.
Package hyperref Info: Link nesting OFF on input line 6047.
Package hyperref Info: Hyper index ON on input line 6050.
Package hyperref Info: backreferencing OFF on input line 6057.
Package hyperref Info: Link coloring OFF on input line 6062.
Package hyperref Info: Link coloring with OCG OFF on input line 6067.
Package hyperref Info: PDF/A mode OFF on input line 6072.
 (/home/vanelo/.miktex/texmfs/install/tex/latex/base/atbegshi-ltx.sty
Package: atbegshi-ltx 2021/01/10 v1.0c Emulation of the original atbegshi
package with kernel methods
)
\Hy@abspage=\count295
\c@Item=\count296
\c@Hfootnote=\count297
)
Package hyperref Info: Driver (autodetected): hpdftex.
 (/home/vanelo/.miktex/texmfs/install/tex/latex/hyperref/hpdftex.def
File: hpdftex.def 2024-11-05 v7.01l Hyperref driver for pdfTeX
 (/home/vanelo/.miktex/texmfs/install/tex/latex/base/atveryend-ltx.sty
Package: atveryend-ltx 2020/08/19 v1.0a Emulation of the original atveryend package
with kernel methods
)
\Fld@listcount=\count298
\c@bookmark@seq@number=\count299
 (/home/vanelo/.miktex/texmfs/install/tex/latex/rerunfilecheck/rerunfilecheck.sty
Package: rerunfilecheck 2022-07-10 v1.10 Rerun checks for auxiliary files (HO)
 (/home/vanelo/.miktex/texmfs/install/tex/generic/uniquecounter/uniquecounter.sty
Package: uniquecounter 2019/12/15 v1.4 Provide unlimited unique counter (HO)
)
Package uniquecounter Info: New unique counter `rerunfilecheck' on input line 285.
)
\Hy@SectionHShift=\skip68
) (/home/vanelo/.miktex/texmfs/install/tex/latex/datatool/datatool.sty
Package: datatool 2025/03/05 v3.0.1 (NLCT)
 (/home/vanelo/.miktex/texmfs/install/tex/latex/base/ifthen.sty
Package: ifthen 2024/03/16 v1.1e Standard LaTeX ifthen package (DPC)
) (/home/vanelo/.miktex/texmfs/install/tex/latex/xfor/xfor.sty
Package: xfor 2009/02/05 v1.05 (NLCT)
) (/home/vanelo/.miktex/texmfs/install/tex/latex/tracklang/tracklang.sty
Package: tracklang 2025/03/04 v1.6.5 (NLCT) Track Languages
 (/home/vanelo/.miktex/texmfs/install/tex/generic/tracklang/tracklang.tex)) (/home/vanelo/.miktex/texmfs/install/tex/latex/datatool/datatool-base.sty
Package: datatool-base 2025/03/05 v3.0.1 (NLCT)
 (/home/vanelo/.miktex/texmfs/install/tex/latex/datatool/datatool-l3fp.def
File: datatool-l3fp.def 2025/03/05 v3.0.1 (NLCT)
)
\@dtl@toks=\toks29
\@dtl@tmpcount=\count300
\dtl@tmplength=\skip69
\l__datatool_measure_box=\box56
\dtl@sortresult=\count301
 (/home/vanelo/.miktex/texmfs/install/tex/latex/datatool/datatool-utf8.ldf
File: datatool-utf8.ldf 2025/03/05 v3.0.1 (NLCT)
)
\@dtl@datatype=\count302
\l__datatool_tmpa_int=\count303
\l__datatool_tmpb_int=\count304
\l__datatool_tmpc_int=\count305
\l__datatool_tmpd_int=\count306
\l__datatool_count_int=\count307
\l__datatool_tmp_datatype_int=\count308
\l__datatool_tmpa_dim=\dimen160
\l__datatool_tmpb_dim=\dimen161
\c_datatool_unknown_int=\count309
\l__datatool_year_int=\count310
\l__datatool_month_int=\count311
\l__datatool_day_int=\count312
\l__datatool_hour_int=\count313
\l__datatool_minute_int=\count314
\l__datatool_second_int=\count315
\l__datatool_tzhour_int=\count316
\l__datatool_tzminute_int=\count317
\l__datatool_julian_int=\count318
\l__datatool_local_julian_int=\count319
\l__datatool_prefix_int=\count320
\l__datatool_suffix_int=\count321
\@dtl@foreach@level=\count322


Package tracklang Warning: No `datatool' support for dialect `spanish'  on input line 9897.

\dtl@codeA=\count323
\dtl@codeB=\count324
)
\l__datatool_max_cols_int=\count325
\l__datatool_col_idx_int=\count326
\l__datatool_row_idx_int=\count327
\l__datatool_item_type_int=\count328
\l__datatool_action_column_int=\count329
\l__datatool_action_column_ii_int=\count330
\l__datatool_action_row_int=\count331
\l__datatool_action_row_ii_int=\count332
\l__datatool_action_type_int=\count333
\l__datatool_action_datum_round_int=\count334
\dtlcolumnnum=\count335
\dtlrownum=\count336
\@dtl@before=\toks30
\@dtl@after=\toks31
\@dtl@colhead=\toks32
\dtlcurrentrow=\toks33
\dtlbeforerow=\toks34
\dtlafterrow=\toks35
\l__datatool_map_data_max_cols_int=\count337
\l__datatool_map_data_edit_column_int=\count338
\dtlforeachlevel=\count339
\c@DTLrow=\count340
\c@DTLrowi=\count341
\c@DTLrowii=\count342
\c@DTLrowiii=\count343
\dtl@rowi=\count344
\dtl@rowii=\count345
\dtl@rowiii=\count346
\g__filtered_row_i_int=\count347
\g__filtered_row_ii_int=\count348
\g__filtered_row_iii_int=\count349
\@dtl@curi=\toks36
\@dtl@previ=\toks37
\@dtl@nexti=\toks38
\@dtl@curii=\toks39
\@dtl@previi=\toks40
\@dtl@nextii=\toks41
\@dtl@curiii=\toks42
\@dtl@previii=\toks43
\@dtl@nextiii=\toks44
\l_datatool_display_per_row_int=\count350
\l_datatool_display_tab_rows_int=\count351
\@dtl@toksA=\toks45
\@dtl@toksB=\toks46
\@dtl@elements=\count352
\__datatool_sort_data_sortcol_int=\count353
\__datatool_sort_data_grpcol_int=\count354
\dtl@omitlines=\count355
\l__datatool_line_int=\count356
) (/home/vanelo/.miktex/texmfs/install/tex/latex/glossaries/base/glossaries.sty
Package: glossaries 2025/03/03 v4.56 (NLCT)
 (/home/vanelo/.miktex/texmfs/install/tex/latex/mfirstuc/mfirstuc.sty
Package: mfirstuc 2022/10/14 v2.08 (NLCT)
\@glsmfirst=\toks47
\@glsmrest=\toks48
) (/home/vanelo/.miktex/texmfs/install/tex/latex/translator/translator.sty
Package: translator 2021-05-31 v1.12d Easy translation of strings in LaTeX
) (/home/vanelo/.miktex/texmfs/install/tex/latex/glossaries-spanish/glossaries-spanish.ldf
File: glossaries-spanish.ldf 2014/11/23 v1.0
 (/home/vanelo/.miktex/texmfs/install/tex/latex/glossaries-spanish/glossaries-spanish-utf8.ldf))
\gls@level=\count357
\@gls@tmpb=\toks49
\gls@tmplen=\skip70
\glskeylisttok=\toks50
\glslabeltok=\toks51
\glsshorttok=\toks52
\glslongtok=\toks53
 (/home/vanelo/.miktex/texmfs/install/tex/latex/glossaries/styles/glossary-hypernav.sty
Package: glossary-hypernav 2025/03/03 v4.56 (NLCT)
) (/home/vanelo/.miktex/texmfs/install/tex/latex/glossaries/styles/glossary-list.sty
Package: glossary-list 2025/03/03 v4.56 (NLCT)
\glslistdottedwidth=\skip71
) (/home/vanelo/.miktex/texmfs/install/tex/latex/glossaries/styles/glossary-long.sty
Package: glossary-long 2025/03/03 v4.56 (NLCT)
 (/home/vanelo/.miktex/texmfs/install/tex/latex/tools/longtable.sty
Package: longtable 2024-10-27 v4.22 Multi-page Table package (DPC)
\LTleft=\skip72
\LTright=\skip73
\LTpre=\skip74
\LTpost=\skip75
\LTchunksize=\count358
\LTcapwidth=\dimen162
\LT@head=\box57
\LT@firsthead=\box58
\LT@foot=\box59
\LT@lastfoot=\box60
\LT@gbox=\box61
\LT@cols=\count359
\LT@rows=\count360
\c@LT@tables=\count361
\c@LT@chunks=\count362
\LT@p@ftn=\toks54
)
\glsdescwidth=\skip76
\glspagelistwidth=\skip77
) (/home/vanelo/.miktex/texmfs/install/tex/latex/glossaries/styles/glossary-super.sty
Package: glossary-super 2025/03/03 v4.56 (NLCT)
 (/home/vanelo/.miktex/texmfs/install/tex/latex/supertabular/supertabular.sty
Package: supertabular 2024/07/20 v4.2c the supertabular environment
\c@tracingst=\count363
\ST@wd=\dimen163
\ST@rightskip=\skip78
\ST@leftskip=\skip79
\ST@parfillskip=\skip80
\ST@pageleft=\dimen164
\ST@headht=\dimen165
\ST@tailht=\dimen166
\ST@pagesofar=\dimen167
\ST@pboxht=\dimen168
\ST@rowht=\dimen169
\ST@prevht=\dimen170
\ST@toadd=\dimen171
\ST@dimen=\dimen172
\ST@pbox=\box62
)) (/home/vanelo/.miktex/texmfs/install/tex/latex/glossaries/styles/glossary-tree.sty
Package: glossary-tree 2025/03/03 v4.56 (NLCT)
\glstreeindent=\skip81
)) (/home/vanelo/.miktex/texmfs/install/tex/latex/base/makeidx.sty
Package: makeidx 2021/10/04 v1.0m Standard LaTeX package
) (/home/vanelo/.miktex/texmfs/install/tex/latex/multirow/multirow.sty
Package: multirow 2024/11/12 v2.9 Span multiple rows of a table
\multirow@colwidth=\skip82
\multirow@cntb=\count364
\multirow@dima=\skip83
\bigstrutjot=\dimen173
) (/home/vanelo/.miktex/texmfs/install/tex/latex/tools/multicol.sty
Package: multicol 2024/09/14 v1.9i multicolumn formatting (FMi)
\c@tracingmulticols=\count365
\mult@box=\box63
\multicol@leftmargin=\dimen174
\c@unbalance=\count366
\c@collectmore=\count367
\doublecol@number=\count368
\multicoltolerance=\count369
\multicolpretolerance=\count370
\full@width=\dimen175
\page@free=\dimen176
\premulticols=\dimen177
\postmulticols=\dimen178
\multicolsep=\skip84
\multicolbaselineskip=\skip85
\partial@page=\box64
\last@line=\box65
\mc@boxedresult=\box66
\maxbalancingoverflow=\dimen179
\mult@rightbox=\box67
\mult@grightbox=\box68
\mult@firstbox=\box69
\mult@gfirstbox=\box70
\@tempa=\box71
\@tempa=\box72
\@tempa=\box73
\@tempa=\box74
\@tempa=\box75
\@tempa=\box76
\@tempa=\box77
\@tempa=\box78
\@tempa=\box79
\@tempa=\box80
\@tempa=\box81
\@tempa=\box82
\@tempa=\box83
\@tempa=\box84
\@tempa=\box85
\@tempa=\box86
\@tempa=\box87
\@tempa=\box88
\@tempa=\box89
\@tempa=\box90
\@tempa=\box91
\@tempa=\box92
\@tempa=\box93
\@tempa=\box94
\@tempa=\box95
\@tempa=\box96
\@tempa=\box97
\@tempa=\box98
\@tempa=\box99
\@tempa=\box100
\@tempa=\box101
\@tempa=\box102
\@tempa=\box103
\@tempa=\box104
\@tempa=\box105
\@tempa=\box106
\c@minrows=\count371
\c@columnbadness=\count372
\c@finalcolumnbadness=\count373
\last@try=\dimen180
\multicolovershoot=\dimen181
\multicolundershoot=\dimen182
\mult@nat@firstbox=\box107
\colbreak@box=\box108
\mc@col@check@num=\count374
) (/home/vanelo/.miktex/texmfs/install/tex/latex/colortbl/colortbl.sty
Package: colortbl 2024/07/06 v1.0i Color table columns (DPC)
 (/home/vanelo/.miktex/texmfs/install/tex/latex/tools/array.sty
Package: array 2024/10/17 v2.6g Tabular extension package (FMi)
\col@sep=\dimen183
\ar@mcellbox=\box109
\extrarowheight=\dimen184
\NC@list=\toks55
\extratabsurround=\skip86
\backup@length=\skip87
\ar@cellbox=\box110
) (/home/vanelo/.miktex/texmfs/install/tex/latex/graphics/color.sty
Package: color 2024/06/23 v1.3e Standard LaTeX Color (DPC)
 (/home/vanelo/.miktex/texmfs/install/tex/latex/graphics-cfg/color.cfg
File: color.cfg 2016/01/02 v1.6 sample color configuration
)
Package color Info: Driver file: pdftex.def on input line 149.
 (/home/vanelo/.miktex/texmfs/install/tex/latex/graphics/mathcolor.ltx))
\everycr=\toks56
\minrowclearance=\skip88
\rownum=\count375
) (/home/vanelo/.miktex/texmfs/install/tex/latex/cite/cite.sty
LaTeX Info: Redefining \cite on input line 302.
LaTeX Info: Redefining \nocite on input line 332.
Package: cite 2015/02/27  v 5.5
) (IEEEtrantools.sty
Package: IEEEtrantools 2015/08/26 V1.5 by Michael Shell

-- See the "IEEEtrantools_doc.txt" manual for usage information.
-- http://www.michaelshell.org/tex/ieeetran/tools/
\@IEEEtrantmpdimenA=\dimen185
\@IEEEtrantmpdimenB=\dimen186
\@IEEEtrantmpdimenC=\dimen187
\@IEEEtrantmpcountA=\count376
\@IEEEtrantmpcountB=\count377
\@IEEEtrantmpcountC=\count378
\@IEEEtrantmptoksA=\toks57
\IEEEnormaljot=\dimen188
\IEEEquantizedlength=\dimen189
\IEEEquantizedlengthdiff=\dimen190
\IEEEquantizedtextheightdiff=\dimen191
\IEEEilabelindentA=\dimen192
\IEEEilabelindentB=\dimen193
\IEEEilabelindent=\dimen194
\IEEEelabelindent=\dimen195
\IEEEdlabelindent=\dimen196
\IEEElabelindent=\dimen197
\IEEEiednormlabelsep=\dimen198
\IEEEiedmathlabelsep=\dimen199
\IEEEiedtopsep=\skip89
\c@IEEEsubequation=\count379
\@IEEEeqnnumcols=\count380
\@IEEEeqncolcnt=\count381
\@IEEEsubeqnnumrollback=\count382
\IEEEPARstartletwidth=\dimen256
) (/home/vanelo/.miktex/texmfs/install/tex/latex/float/float.sty
Package: float 2001/11/08 v1.3d Float enhancements (AL)
\c@float@type=\count383
\float@exts=\toks58
\float@box=\box111
\@float@everytoks=\toks59
\@floatcapt=\box112
)
\@indexfile=\write3
\openout3 = `tfg.idx'.


Writing index file tfg.idx
\glswrite=\write4
\glo@main@file=\write5
\openout5 = `tfg.glo'.

Package glossaries Info: Writing glossary file tfg.glo on input line 26.
(/home/vanelo/.miktex/texmfs/install/tex/latex/l3backend/l3backend-pdftex.def
File: l3backend-pdftex.def 2024-05-08 L3 backend support: PDF output (pdfTeX)
\l__color_backend_stack_int=\count384
\l__pdf_internal_box=\box113
) (/home/vanelo/Documents/TFG2025/tfg_ieee-vscode-git/tfg_ieee/build/tfg.aux
LaTeX Info: Redefining \. on input line 18.
LaTeX Info: Redefining \% on input line 18.
 (/home/vanelo/Documents/TFG2025/tfg_ieee-vscode-git/tfg_ieee/build/portada_y_ficha_catalografica/portada_y_ficha_catalografica.aux) (/home/vanelo/Documents/TFG2025/tfg_ieee-vscode-git/tfg_ieee/build/hoja_aprobacion/hoja_aprobacion.aux) (/home/vanelo/Documents/TFG2025/tfg_ieee-vscode-git/tfg_ieee/build/dedicatoria/dedicatoria.aux) (/home/vanelo/Documents/TFG2025/tfg_ieee-vscode-git/tfg_ieee/build/agradecimientos/agradecimientos.aux) (/home/vanelo/Documents/TFG2025/tfg_ieee-vscode-git/tfg_ieee/build/epigrafe/epigrafe.aux) (/home/vanelo/Documents/TFG2025/tfg_ieee-vscode-git/tfg_ieee/build/resumen/resumen.aux) (/home/vanelo/Documents/TFG2025/tfg_ieee-vscode-git/tfg_ieee/build/abstract/abstract.aux) (/home/vanelo/Documents/TFG2025/tfg_ieee-vscode-git/tfg_ieee/build/capitulo_01/introduccion.aux) (/home/vanelo/Documents/TFG2025/tfg_ieee-vscode-git/tfg_ieee/build/capitulo_02/marco_teorico.aux) (/home/vanelo/Documents/TFG2025/tfg_ieee-vscode-git/tfg_ieee/build/capitulo_04/resultados.aux) (/home/vanelo/Documents/TFG2025/tfg_ieee-vscode-git/tfg_ieee/build/capitulo_05/discusion.aux) (/home/vanelo/Documents/TFG2025/tfg_ieee-vscode-git/tfg_ieee/build/anexos/anexo.aux))
\openout1 = `tfg.aux'.

LaTeX Font Info:    Checking defaults for OML/cmm/m/it on input line 28.
LaTeX Font Info:    ... okay on input line 28.
LaTeX Font Info:    Checking defaults for OMS/cmsy/m/n on input line 28.
LaTeX Font Info:    ... okay on input line 28.
LaTeX Font Info:    Checking defaults for OT1/cmr/m/n on input line 28.
LaTeX Font Info:    ... okay on input line 28.
LaTeX Font Info:    Checking defaults for T1/cmr/m/n on input line 28.
LaTeX Font Info:    ... okay on input line 28.
LaTeX Font Info:    Checking defaults for TS1/cmr/m/n on input line 28.
LaTeX Font Info:    ... okay on input line 28.
LaTeX Font Info:    Checking defaults for OMX/cmex/m/n on input line 28.
LaTeX Font Info:    ... okay on input line 28.
LaTeX Font Info:    Checking defaults for U/cmr/m/n on input line 28.
LaTeX Font Info:    ... okay on input line 28.
LaTeX Font Info:    Checking defaults for PD1/pdf/m/n on input line 28.
LaTeX Font Info:    ... okay on input line 28.
LaTeX Font Info:    Checking defaults for PU/pdf/m/n on input line 28.
LaTeX Font Info:    ... okay on input line 28.
LaTeX Info: Redefining \. on input line 28.
LaTeX Info: Redefining \% on input line 28.
 (/home/vanelo/.miktex/texmfs/install/tex/context/base/mkii/supp-pdf.mkii
[Loading MPS to PDF converter (version 2006.09.02).]
\scratchcounter=\count385
\scratchdimen=\dimen257
\scratchbox=\box114
\nofMPsegments=\count386
\nofMParguments=\count387
\everyMPshowfont=\toks60
\MPscratchCnt=\count388
\MPscratchDim=\dimen258
\MPnumerator=\count389
\makeMPintoPDFobject=\count390
\everyMPtoPDFconversion=\toks61
) (/home/vanelo/.miktex/texmfs/install/tex/latex/epstopdf-pkg/epstopdf-base.sty
Package: epstopdf-base 2020-01-24 v2.11 Base part for package epstopdf
Package epstopdf-base Info: Redefining graphics rule for `.eps' on input line 485.
 (/home/vanelo/.miktex/texmfs/install/tex/latex/00miktex/epstopdf-sys.cfg
File: epstopdf-sys.cfg 2021/03/18 v2.0 Configuration of epstopdf for MiKTeX
))
Package hyperref Info: Link coloring OFF on input line 28.
 (/home/vanelo/Documents/TFG2025/tfg_ieee-vscode-git/tfg_ieee/build/tfg.out) (/home/vanelo/Documents/TFG2025/tfg_ieee-vscode-git/tfg_ieee/build/tfg.out)
\@outlinefile=\write6
\openout6 = `tfg.out'.

 (/home/vanelo/Documents/TFG2025/tfg_ieee-vscode-git/tfg_ieee/build/tfg.glsdefs)
LaTeX Font Info:    Trying to load font information for U+msa on input line 46.
 (/home/vanelo/.miktex/texmfs/install/tex/latex/amsfonts/umsa.fd
File: umsa.fd 2013/01/14 v3.01 AMS symbols A
)
LaTeX Font Info:    Trying to load font information for U+msb on input line 46.
 (/home/vanelo/.miktex/texmfs/install/tex/latex/amsfonts/umsb.fd
File: umsb.fd 2013/01/14 v3.01 AMS symbols B
)

LaTeX Font Warning: Font shape `OT1/cmr/bx/sc' undefined
(Font)              using `OT1/cmr/bx/n' instead on input line 54.

<./portada_y_ficha_catalografica/logo.png, id=122, 216.0873pt x 216.0873pt>
File: ./portada_y_ficha_catalografica/logo.png Graphic file (type png)
<use ./portada_y_ficha_catalografica/logo.png>
Package pdftex.def Info: ./portada_y_ficha_catalografica/logo.png  used on input line 63.
(pdftex.def)             Requested size: 129.65337pt x 129.65337pt.


[1

\openout4 = `tfg.ist'.


{/home/vanelo/.miktex/texmfs/data/fonts/map/pdftex/pdftex.map} <./portada_y_ficha_catalografica/logo.png>]
\openout2 = `./portada_y_ficha_catalografica/portada_y_ficha_catalografica.aux'.

 (portada_y_ficha_catalografica/portada_y_ficha_catalografica.tex

[2

]
Overfull \hbox (3.36133pt too wide) in paragraph at lines 61--88
 [][] 
 []

)

[3]
\openout2 = `./hoja_aprobacion/hoja_aprobacion.aux'.

 (hoja_aprobacion/hoja_aprobacion.tex)

[4



]
\openout2 = `./dedicatoria/dedicatoria.aux'.

 (dedicatoria/dedicatoria.tex)

[5



]
\openout2 = `./agradecimientos/agradecimientos.aux'.

 (agradecimientos/agradecimientos.tex)

[6



]
\openout2 = `./epigrafe/epigrafe.aux'.

 (epigrafe/epigrafe.tex)

[7



]
\openout2 = `./resumen/resumen.aux'.

 (resumen/resumen.tex
Overfull \hbox (24.40007pt too wide) in paragraph at lines 14--15
\OT1/cmr/bx/n/12 Descriptores: \OT1/cmr/m/n/12 1. $\OML/cmm/m/it/12 <$\OT1/cmr/m/n/12 descriptor1$\OML/cmm/m/it/12 >$\OT1/cmr/m/n/12 , 2. $\OML/cmm/m/it/12 <$\OT1/cmr/m/n/12 descriptor2$\OML/cmm/m/it/12 >$\OT1/cmr/m/n/12 , 3. $\OML/cmm/m/it/12 <$\OT1/cmr/m/n/12 descriptor3$\OML/cmm/m/it/12 >$\OT1/cmr/m/n/12 . 
 []

)

[8



]
\openout2 = `./abstract/abstract.aux'.

 (abstract/abstract.tex)

[9



] (/home/vanelo/Documents/TFG2025/tfg_ieee-vscode-git/tfg_ieee/build/tfg.toc
LaTeX Info: Redefining \. on input line 1.
LaTeX Info: Redefining \% on input line 1.


Package spanish Warning: Replacing `OT1/cmr/bx/sc' by 
(spanish)                faked small caps on input line 2.


Package spanish Warning: Replacing `OT1/cmr/bx/sc' by 
(spanish)                faked small caps on input line 3.


Package spanish Warning: Replacing `OT1/cmr/bx/sc' by 
(spanish)                faked small caps on input line 4.


Package spanish Warning: Replacing `OT1/cmr/bx/sc' by 
(spanish)                faked small caps on input line 5.


Package spanish Warning: Replacing `OT1/cmr/bx/sc' by 
(spanish)                faked small caps on input line 6.



[10



])
\tf@toc=\write7
\openout7 = `tfg.toc'.



LaTeX Info: Redefining \. on input line 98.
LaTeX Info: Redefining \% on input line 98.
LaTeX Info: Redefining \. on input line 98.
LaTeX Info: Redefining \% on input line 98.

Package fancyhdr Warning: \headheight is too small (12.0pt): 
(fancyhdr)                Make it at least 15.71667pt, for example:
(fancyhdr)                \setlength{\headheight}{15.71667pt}.
(fancyhdr)                You might also make \topmargin smaller:
(fancyhdr)                \addtolength{\topmargin}{-3.71667pt}.

[11] (/home/vanelo/Documents/TFG2025/tfg_ieee-vscode-git/tfg_ieee/build/tfg.lof
LaTeX Info: Redefining \. on input line 1.
LaTeX Info: Redefining \% on input line 1.
)
\tf@lof=\write8
\openout8 = `tfg.lof'.



[12

] (/home/vanelo/Documents/TFG2025/tfg_ieee-vscode-git/tfg_ieee/build/tfg.lot
LaTeX Info: Redefining \. on input line 1.
LaTeX Info: Redefining \% on input line 1.
)
\tf@lot=\write9
\openout9 = `tfg.lot'.


No file tfg.gls.


[13

]
\openout2 = `./capitulo_01/introduccion.aux'.

 (capitulo_01/introduccion.tex
Cap\'{\i }tulo 1.

LaTeX Warning: No positions in optional float specifier.
               Default added (so using `tbp') on input line 10.



[1



]
Overfull \hbox (0.62378pt too wide) in paragraph at lines 29--29
[]\OT1/cmr/bx/sc/17.28 Descripci^^Son de los con-tenidos por cap^^S^^Ptu-
 []

)


Package fancyhdr Warning: \headheight is too small (12.0pt): 
(fancyhdr)                Make it at least 14.49998pt, for example:
(fancyhdr)                \setlength{\headheight}{14.49998pt}.
(fancyhdr)                You might also make \topmargin smaller:
(fancyhdr)                \addtolength{\topmargin}{-2.49998pt}.

[2]
\openout2 = `./capitulo_02/marco_teorico.aux'.

 (capitulo_02/marco_teorico.tex
\c@teorema=\count391

Cap\'{\i }tulo 2.


[3




]
\@gls@deffile=\write10
\openout10 = `tfg.glsdefs'.




Package fancyhdr Warning: \headheight is too small (12.0pt): 
(fancyhdr)                Make it at least 14.49998pt, for example:
(fancyhdr)                \setlength{\headheight}{14.49998pt}.
(fancyhdr)                You might also make \topmargin smaller:
(fancyhdr)                \addtolength{\topmargin}{-2.49998pt}.

[4]
Overfull \hbox (17.39021pt too wide) in paragraph at lines 72--73
[][][]\OT1/cmr/m/n/12 Matrices[] son ar-reg-los usual-mente de-no-ta-dos por una le-tra negri-ta may^^Suscu-
 []


Overfull \hbox (30.2579pt too wide) in paragraph at lines 99--100
\OT1/cmr/m/n/12 matem^^Saticos, tam-bi^^Sen, en gen-er-al, los s^^S^^Pmbo-los pro-pios de ex-pre-siones matem^^Saticas.
 []




Package fancyhdr Warning: \headheight is too small (12.0pt): 
(fancyhdr)                Make it at least 14.49998pt, for example:
(fancyhdr)                \setlength{\headheight}{14.49998pt}.
(fancyhdr)                You might also make \topmargin smaller:
(fancyhdr)                \addtolength{\topmargin}{-2.49998pt}.

[5]
Overfull \hbox (12.00427pt too wide) in paragraph at lines 119--120
[]\OT1/cmr/m/it/12 En un tri^^Sangu-lo rect^^Sangu-lo, el cuadra-
 []

)


Package fancyhdr Warning: \headheight is too small (12.0pt): 
(fancyhdr)                Make it at least 14.49998pt, for example:
(fancyhdr)                \setlength{\headheight}{14.49998pt}.
(fancyhdr)                You might also make \topmargin smaller:
(fancyhdr)                \addtolength{\topmargin}{-2.49998pt}.

[6] (capitulo_03/marco_metodologico.tex
Cap\'{\i }tulo 3.


[7



]


Package fancyhdr Warning: \headheight is too small (12.0pt): 
(fancyhdr)                Make it at least 14.49998pt, for example:
(fancyhdr)                \setlength{\headheight}{14.49998pt}.
(fancyhdr)                You might also make \topmargin smaller:
(fancyhdr)                \addtolength{\topmargin}{-2.49998pt}.

[8]

LaTeX Warning: Citation `lan' on page 9 undefined on input line 49.




Package fancyhdr Warning: \headheight is too small (12.0pt): 
(fancyhdr)                Make it at least 14.49998pt, for example:
(fancyhdr)                \setlength{\headheight}{14.49998pt}.
(fancyhdr)                You might also make \topmargin smaller:
(fancyhdr)                \addtolength{\topmargin}{-2.49998pt}.

[9]


Package fancyhdr Warning: \headheight is too small (12.0pt): 
(fancyhdr)                Make it at least 14.49998pt, for example:
(fancyhdr)                \setlength{\headheight}{14.49998pt}.
(fancyhdr)                You might also make \topmargin smaller:
(fancyhdr)                \addtolength{\topmargin}{-2.49998pt}.

[10]


Package fancyhdr Warning: \headheight is too small (12.0pt): 
(fancyhdr)                Make it at least 14.49998pt, for example:
(fancyhdr)                \setlength{\headheight}{14.49998pt}.
(fancyhdr)                You might also make \topmargin smaller:
(fancyhdr)                \addtolength{\topmargin}{-2.49998pt}.

[11])


Package fancyhdr Warning: \headheight is too small (12.0pt): 
(fancyhdr)                Make it at least 14.49998pt, for example:
(fancyhdr)                \setlength{\headheight}{14.49998pt}.
(fancyhdr)                You might also make \topmargin smaller:
(fancyhdr)                \addtolength{\topmargin}{-2.49998pt}.

[12]
\openout2 = `./capitulo_04/resultados.aux'.

 (capitulo_04/resultados.tex
Cap\'{\i }tulo 4.


[13


]
<./capitulo_04/huella.jpg, id=359, 169.38281pt x 188.20313pt>
File: ./capitulo_04/huella.jpg Graphic file (type jpg)
<use ./capitulo_04/huella.jpg>
Package pdftex.def Info: ./capitulo_04/huella.jpg  used on input line 25.
(pdftex.def)             Requested size: 84.6912pt x 94.10132pt.
<./capitulo_04/termodin.png, id=361, 192.72pt x 187.29974pt>
File: ./capitulo_04/termodin.png Graphic file (type png)
<use ./capitulo_04/termodin.png>
Package pdftex.def Info: ./capitulo_04/termodin.png  used on input line 35.
(pdftex.def)             Requested size: 192.71951pt x 187.29927pt.



Package fancyhdr Warning: \headheight is too small (12.0pt): 
(fancyhdr)                Make it at least 14.49998pt, for example:
(fancyhdr)                \setlength{\headheight}{14.49998pt}.
(fancyhdr)                You might also make \topmargin smaller:
(fancyhdr)                \addtolength{\topmargin}{-2.49998pt}.

[14
pdfTeX warning (ext4): destination with the same identifier (name{figure.4.1}) has been already used, duplicate ignored
<argument> ...shipout:D \box_use:N \l_shipout_box 
                                                  \__shipout_drop_firstpage_...
l.40 
      <./capitulo_04/huella.jpg>]


Package fancyhdr Warning: \headheight is too small (12.0pt): 
(fancyhdr)                Make it at least 14.49998pt, for example:
(fancyhdr)                \setlength{\headheight}{14.49998pt}.
(fancyhdr)                You might also make \topmargin smaller:
(fancyhdr)                \addtolength{\topmargin}{-2.49998pt}.

[15
pdfTeX warning (ext4): destination with the same identifier (name{figure.4.2}) has been already used, duplicate ignored
<argument> ...shipout:D \box_use:N \l_shipout_box 
                                                  \__shipout_drop_firstpage_...
l.90 
     
pdfTeX warning (ext4): destination with the same identifier (name{table.4.1}) has been already used, duplicate ignored
<argument> ...shipout:D \box_use:N \l_shipout_box 
                                                  \__shipout_drop_firstpage_...
l.90 
      <./capitulo_04/termodin.png>]
<./capitulo_04/tabla_word.png, id=374, 554.67226pt x 155.3805pt>
File: ./capitulo_04/tabla_word.png Graphic file (type png)
<use ./capitulo_04/tabla_word.png>
Package pdftex.def Info: ./capitulo_04/tabla_word.png  used on input line 97.
(pdftex.def)             Requested size: 360.53268pt x 100.99611pt.
)


Package fancyhdr Warning: \headheight is too small (12.0pt): 
(fancyhdr)                Make it at least 14.49998pt, for example:
(fancyhdr)                \setlength{\headheight}{14.49998pt}.
(fancyhdr)                You might also make \topmargin smaller:
(fancyhdr)                \addtolength{\topmargin}{-2.49998pt}.

[16
pdfTeX warning (ext4): destination with the same identifier (name{table.4.2}) has been already used, duplicate ignored
<argument> ...shipout:D \box_use:N \l_shipout_box 
                                                  \__shipout_drop_firstpage_...
l.109 \include{./capitulo_04/resultados}
                                        
pdfTeX warning (ext4): destination with the same identifier (name{table.4.3}) has been already used, duplicate ignored
<argument> ...shipout:D \box_use:N \l_shipout_box 
                                                  \__shipout_drop_firstpage_...
l.109 \include{./capitulo_04/resultados}
                                         <./capitulo_04/tabla_word.png>]
\openout2 = `./capitulo_05/discusion.aux'.

 (capitulo_05/discusion.tex
Cap\'{\i }tulo 5.

Overfull \hbox (6.46101pt too wide) in paragraph at lines 9--10
[]\OT1/cmr/m/n/12 En este cap^^S^^Ptu-lo, que tam-bi^^Sen suele de-nom-i-narse ``Con-clu-siones'', se derivan
 []



[17




])


Package fancyhdr Warning: \headheight is too small (12.0pt): 
(fancyhdr)                Make it at least 14.49998pt, for example:
(fancyhdr)                \setlength{\headheight}{14.49998pt}.
(fancyhdr)                You might also make \topmargin smaller:
(fancyhdr)                \addtolength{\topmargin}{-2.49998pt}.

[18]
No file tfg.gls.



Package fancyhdr Warning: \headheight is too small (12.0pt): 
(fancyhdr)                Make it at least 14.49998pt, for example:
(fancyhdr)                \setlength{\headheight}{14.49998pt}.
(fancyhdr)                You might also make \topmargin smaller:
(fancyhdr)                \addtolength{\topmargin}{-2.49998pt}.

[19




]
\openout2 = `./anexos/anexo.aux'.

 (anexos/anexo.tex)

[20



] (/home/vanelo/Documents/TFG2025/tfg_ieee-vscode-git/tfg_ieee/build/tfg.bbl)

[21




] (/home/vanelo/Documents/TFG2025/tfg_ieee-vscode-git/tfg_ieee/build/tfg.aux
LaTeX Info: Redefining \. on input line 18.
LaTeX Info: Redefining \% on input line 18.
 (/home/vanelo/Documents/TFG2025/tfg_ieee-vscode-git/tfg_ieee/build/portada_y_ficha_catalografica/portada_y_ficha_catalografica.aux) (/home/vanelo/Documents/TFG2025/tfg_ieee-vscode-git/tfg_ieee/build/hoja_aprobacion/hoja_aprobacion.aux) (/home/vanelo/Documents/TFG2025/tfg_ieee-vscode-git/tfg_ieee/build/dedicatoria/dedicatoria.aux) (/home/vanelo/Documents/TFG2025/tfg_ieee-vscode-git/tfg_ieee/build/agradecimientos/agradecimientos.aux) (/home/vanelo/Documents/TFG2025/tfg_ieee-vscode-git/tfg_ieee/build/epigrafe/epigrafe.aux) (/home/vanelo/Documents/TFG2025/tfg_ieee-vscode-git/tfg_ieee/build/resumen/resumen.aux) (/home/vanelo/Documents/TFG2025/tfg_ieee-vscode-git/tfg_ieee/build/abstract/abstract.aux) (/home/vanelo/Documents/TFG2025/tfg_ieee-vscode-git/tfg_ieee/build/capitulo_01/introduccion.aux) (/home/vanelo/Documents/TFG2025/tfg_ieee-vscode-git/tfg_ieee/build/capitulo_02/marco_teorico.aux) (/home/vanelo/Documents/TFG2025/tfg_ieee-vscode-git/tfg_ieee/build/capitulo_04/resultados.aux) (/home/vanelo/Documents/TFG2025/tfg_ieee-vscode-git/tfg_ieee/build/capitulo_05/discusion.aux) (/home/vanelo/Documents/TFG2025/tfg_ieee-vscode-git/tfg_ieee/build/anexos/anexo.aux))
 ***********
LaTeX2e <2024-11-01> patch level 2
L3 programming layer <2025-01-18>
 ***********


LaTeX Font Warning: Some font shapes were not available, defaults substituted.


LaTeX Warning: There were undefined references.

Package rerunfilecheck Info: File `tfg.out' has not changed.
(rerunfilecheck)             Checksum: DBA5B69CCC62CBD04FFCBC23331F4055;5018.
 ) 
Here is how much of TeX's memory you used:
 21792 strings out of 475442
 419045 string characters out of 5766274
 870265 words of memory out of 5000000
 44280 multiletter control sequences out of 15000+600000
 576842 words of font info for 103 fonts, out of 8000000 for 9000
 14 hyphenation exceptions out of 8191
 75i,13n,82p,2429b,835s stack positions out of 10000i,1000n,20000p,200000b,200000s

pdfTeX warning (dest): name{glo:sored} has been referenced but does not exist, replaced by a fixed one


pdfTeX warning (dest): name{glo:lan} has been referenced but does not exist, replaced by a fixed one


pdfTeX warning (dest): name{glo:PI} has been referenced but does not exist, replaced by a fixed one


pdfTeX warning (dest): name{glo:svm} has been referenced but does not exist, replaced by a fixed one


pdfTeX warning (dest): name{glo:matri} has been referenced but does not exist, replaced by a fixed one


pdfTeX warning (dest): name{glo:linus} has been referenced but does not exist, replaced by a fixed one


pdfTeX warning (dest): name{glo:electrolito} has been referenced but does not exist, replaced by a fixed one

 </home/vanelo/.miktex/texmfs/data/fonts/pk/ljfour/jknappen/ec/dpi600/tcrm1200.pk></home/vanelo/.miktex/texmfs/install/fonts/type1/public/amsfonts/cm/cmbx12.pfb></home/vanelo/.miktex/texmfs/install/fonts/type1/public/amsfonts/cm/cmbx8.pfb></home/vanelo/.miktex/texmfs/install/fonts/type1/public/amsfonts/cm/cmbxti10.pfb></home/vanelo/.miktex/texmfs/install/fonts/type1/public/amsfonts/cm/cmcsc10.pfb></home/vanelo/.miktex/texmfs/install/fonts/type1/public/amsfonts/cm/cmex10.pfb></home/vanelo/.miktex/texmfs/install/fonts/type1/public/amsfonts/cm/cmmi12.pfb></home/vanelo/.miktex/texmfs/install/fonts/type1/public/amsfonts/cm/cmmi6.pfb></home/vanelo/.miktex/texmfs/install/fonts/type1/public/amsfonts/cm/cmmi8.pfb></home/vanelo/.miktex/texmfs/install/fonts/type1/public/amsfonts/cm/cmr10.pfb></home/vanelo/.miktex/texmfs/install/fonts/type1/public/amsfonts/cm/cmr12.pfb></home/vanelo/.miktex/texmfs/install/fonts/type1/public/amsfonts/cm/cmr6.pfb></home/vanelo/.miktex/texmfs/install/fonts/type1/public/amsfonts/cm/cmr7.pfb></home/vanelo/.miktex/texmfs/install/fonts/type1/public/amsfonts/cm/cmr8.pfb></home/vanelo/.miktex/texmfs/install/fonts/type1/public/amsfonts/cm/cmsl12.pfb></home/vanelo/.miktex/texmfs/install/fonts/type1/public/amsfonts/cm/cmsy10.pfb></home/vanelo/.miktex/texmfs/install/fonts/type1/public/amsfonts/cm/cmsy8.pfb></home/vanelo/.miktex/texmfs/install/fonts/type1/public/amsfonts/cm/cmti12.pfb></home/vanelo/.miktex/texmfs/install/fonts/type1/public/amsfonts/cm/cmti8.pfb>
Output written on /home/vanelo/Documents/TFG2025/tfg_ieee-vscode-git/tfg_ieee/build/tfg.pdf (34 pages, 413340 bytes).
PDF statistics:
 507 PDF objects out of 1000 (max. 8388607)
 91 named destinations out of 1000 (max. 500000)
 269 words of extra memory for PDF output out of 10000 (max. 10000000)

