\BOOKMARK [0][-]{Doc-Start}{\376\377\000R\000e\000s\000u\000m\000e\000n}{}% 1
\BOOKMARK [0][-]{Doc-Start}{\376\377\000A\000b\000s\000t\000r\000a\000c\000t}{}% 2
\BOOKMARK [0][-]{chapter*.2}{\376\377\000\315\000n\000d\000i\000c\000e\000\040\000d\000e\000\040\000f\000i\000g\000u\000r\000a\000s}{}% 3
\BOOKMARK [0][-]{chapter*.3}{\376\377\000\315\000n\000d\000i\000c\000e\000\040\000d\000e\000\040\000t\000a\000b\000l\000a\000s}{}% 4
\BOOKMARK [0][-]{chapter*.3}{\376\377\000A\000c\000r\000\363\000n\000i\000m\000o\000s\000\040\000y\000\040\000s\000\355\000m\000b\000o\000l\000o\000s}{}% 5
\BOOKMARK [0][-]{chapter.1}{\376\377\000I\000n\000t\000r\000o\000d\000u\000c\000c\000i\000\363\000n}{}% 6
\BOOKMARK [1][-]{section.1.1}{\376\377\000M\000o\000t\000i\000v\000a\000c\000i\000\363\000n}{chapter.1}% 7
\BOOKMARK [1][-]{section.1.2}{\376\377\000D\000e\000f\000i\000n\000i\000c\000i\000\363\000n\000\040\000d\000e\000l\000\040\000p\000r\000o\000b\000l\000e\000m\000a}{chapter.1}% 8
\BOOKMARK [1][-]{section.1.3}{\376\377\000O\000b\000j\000e\000t\000i\000v\000o\000s\000,\000\040\000h\000i\000p\000\363\000t\000e\000s\000i\000s\000,\000\040\000j\000u\000s\000t\000i\000f\000i\000c\000a\000c\000i\000\363\000n\000\040\000y\000\040\000d\000e\000l\000i\000m\000i\000t\000a\000c\000i\000\363\000n\000\040\000d\000e\000l\000\040\000a\000l\000c\000a\000n\000c\000e\000\040\000d\000e\000l\000\040\000t\000r\000a\000t\000a\000d\000o\000.}{chapter.1}% 9
\BOOKMARK [1][-]{section.1.4}{\376\377\000D\000e\000s\000c\000r\000i\000p\000c\000i\000\363\000n\000\040\000d\000e\000\040\000l\000o\000s\000\040\000c\000o\000n\000t\000e\000n\000i\000d\000o\000s\000\040\000p\000o\000r\000\040\000c\000a\000p\000\355\000t\000u\000l\000o\000.}{chapter.1}% 10
\BOOKMARK [0][-]{chapter.2}{\376\377\000C\000o\000n\000c\000e\000p\000t\000o\000s\000\040\000f\000u\000n\000d\000a\000m\000e\000n\000t\000a\000l\000e\000s\000,\000\040\000t\000e\000o\000r\000\355\000a\000s\000\040\000y\000\040\000a\000n\000t\000e\000c\000e\000d\000e\000n\000t\000e\000s}{}% 11
\BOOKMARK [1][-]{section.2.1}{\376\377\000C\000o\000n\000c\000e\000p\000t\000o\000s\000\040\000f\000u\000n\000d\000a\000m\000e\000n\000t\000a\000l\000e\000s}{chapter.2}% 12
\BOOKMARK [1][-]{section.2.2}{\376\377\000A\000n\000t\000e\000c\000e\000d\000e\000n\000t\000e\000s}{chapter.2}% 13
\BOOKMARK [0][-]{chapter.3}{\376\377\000M\000\351\000t\000o\000d\000o}{}% 14
\BOOKMARK [1][-]{section.3.1}{\376\377\000E\000n\000f\000o\000q\000u\000e}{chapter.3}% 15
\BOOKMARK [1][-]{section.3.2}{\376\377\000A\000l\000c\000a\000n\000c\000e\000\040\000d\000e\000\040\000l\000a\000\040\000i\000n\000v\000e\000s\000t\000i\000g\000a\000c\000i\000\363\000n\000\040\000c\000u\000a\000n\000t\000i\000t\000a\000t\000i\000v\000a}{chapter.3}% 16
\BOOKMARK [2][-]{subsection.3.2.1}{\376\377\000A\000l\000c\000a\000n\000c\000e\000\040\000e\000x\000p\000l\000o\000r\000a\000t\000o\000r\000i\000o\000.}{section.3.2}% 17
\BOOKMARK [2][-]{subsection.3.2.2}{\376\377\000A\000l\000c\000a\000n\000c\000e\000\040\000d\000e\000s\000c\000r\000i\000p\000t\000i\000v\000o\000.}{section.3.2}% 18
\BOOKMARK [2][-]{subsection.3.2.3}{\376\377\000A\000l\000c\000a\000n\000c\000e\000\040\000c\000o\000r\000r\000e\000l\000a\000c\000i\000o\000n\000a\000l\000.}{section.3.2}% 19
\BOOKMARK [2][-]{subsection.3.2.4}{\376\377\000A\000l\000c\000a\000n\000c\000e\000\040\000e\000x\000p\000l\000i\000c\000a\000t\000i\000v\000o\000.}{section.3.2}% 20
\BOOKMARK [1][-]{section.3.3}{\376\377\000D\000i\000s\000e\000\361\000o}{chapter.3}% 21
\BOOKMARK [0][-]{chapter.4}{\376\377\000R\000e\000s\000u\000l\000t\000a\000d\000o\000s}{}% 22
\BOOKMARK [1][-]{section.4.1}{\376\377\000E\000j\000e\000m\000p\000l\000o\000s\000\040\000d\000e\000\040\000e\000l\000e\000m\000e\000n\000t\000o\000s\000\040\000g\000r\000\341\000f\000i\000c\000o\000s}{chapter.4}% 23
\BOOKMARK [0][-]{chapter.5}{\376\377\000D\000i\000s\000c\000u\000s\000i\000\363\000n}{}% 24
\BOOKMARK [1][-]{section.5.1}{\376\377\000L\000o\000g\000r\000o\000s\000\040\000a\000l\000c\000a\000n\000z\000a\000d\000o\000s}{chapter.5}% 25
\BOOKMARK [1][-]{section.5.2}{\376\377\000S\000o\000l\000u\000c\000i\000\363\000n\000\040\000d\000e\000l\000\040\000p\000r\000o\000b\000l\000e\000m\000a\000\040\000d\000e\000\040\000i\000n\000v\000e\000s\000t\000i\000g\000a\000c\000i\000\363\000n}{chapter.5}% 26
\BOOKMARK [1][-]{section.5.3}{\376\377\000S\000u\000g\000e\000r\000e\000n\000c\000i\000a\000s\000\040\000p\000a\000r\000a\000\040\000f\000u\000t\000u\000r\000a\000s\000\040\000i\000n\000v\000e\000s\000t\000i\000g\000a\000c\000i\000o\000n\000e\000s}{chapter.5}% 27
\BOOKMARK [0][-]{section.5.3}{\376\377\000G\000l\000o\000s\000a\000r\000i\000o}{}% 28
\BOOKMARK [0][-]{section.5.3}{\376\377\000A\000n\000e\000x\000o\000s}{}% 29
\BOOKMARK [0][-]{chapter*.4}{\376\377\000A\000n\000e\000x\000o\000\040\000A\000.}{}% 30
\BOOKMARK [0][-]{chapter*.4}{\376\377\000R\000e\000f\000e\000r\000e\000n\000c\000i\000a\000s\000\040\000b\000i\000b\000l\000i\000o\000g\000r\000\341\000f\000i\000c\000a\000s}{}% 31
